<?xml version="1.0" encoding="utf-8"?>
<TestRun id="bf7b2b39-890d-401a-a05a-23e0b110c70d" name="BELGP3@PA_AP-3UINUHLUM 2025-02-28 10:34:09" runUser="PACONSULTING\BELGP3" xmlns="http://microsoft.com/schemas/VisualStudio/TeamTest/2010">
  <Times creation="2025-02-28T10:34:09.4184203+00:00" queuing="2025-02-28T10:34:09.4184206+00:00" start="2025-02-28T10:34:01.5970840+00:00" finish="2025-02-28T10:34:16.7832607+00:00" />
  <TestSettings name="default" id="2ef7baae-6c1c-45d3-b0d5-aef6fbdf7f76">
    <Deployment runDeploymentRoot="BELGP3_PA_AP-3UINUHLUM_2025-02-28_10_34_09" />
  </TestSettings>
  <Results>
    <UnitTestResult executionId="cb8958f3-2a17-4c3c-9f8e-2db7d700751f" testId="c2c37ad6-4530-5677-911c-c661f1f30740" testName="DfT.DTRO.IntegrationTests.IntegrationTests.SendDtroIntegrationTests.DtroSubmittedFromJsonBodyShouldBeSavedCorrectly(fileName: &quot;JSON-3.3.1-example-Derbyshire 2024 DJ388 partial.j&quot;···)" computerName="PA_AP-3UINUHLUM" duration="00:00:00.2984676" startTime="2025-02-28T10:34:12.1014765+00:00" endTime="2025-02-28T10:34:12.5738698+00:00" testType="13cdc9d9-ddb5-4fa4-a97d-d965ccfc6d4b" outcome="Passed" testListId="8c84fa94-04c1-424b-9868-57a2d4851a1d" relativeResultsDirectory="cb8958f3-2a17-4c3c-9f8e-2db7d700751f" />
    <UnitTestResult executionId="789b31f4-2e89-402f-b3b3-2e5d74ae7f0b" testId="dd083859-d5ec-e3d3-d527-23bcdcf70d26" testName="DfT.DTRO.IntegrationTests.IntegrationTests.SendDtroIntegrationTests.DtroSubmittedFromJsonBodyShouldBeSavedCorrectly(fileName: &quot;JSON-3.3.1-example-TTRO-RatesExample.json&quot;)" computerName="PA_AP-3UINUHLUM" duration="00:00:00.3081550" startTime="2025-02-28T10:34:09.7635409+00:00" endTime="2025-02-28T10:34:10.2119505+00:00" testType="13cdc9d9-ddb5-4fa4-a97d-d965ccfc6d4b" outcome="Passed" testListId="8c84fa94-04c1-424b-9868-57a2d4851a1d" relativeResultsDirectory="789b31f4-2e89-402f-b3b3-2e5d74ae7f0b" />
    <UnitTestResult executionId="afe4bfdd-6fdc-4df2-9bfd-a62ebe0d6d7b" testId="3c9e7cbe-9e24-6ee6-f1c2-1375e0b44746" testName="DfT.DTRO.IntegrationTests.IntegrationTests.SendDtroIntegrationTests.DtroSubmittedFromJsonBodyShouldBeSavedCorrectly(fileName: &quot;JSON-3.3.1-example-TTRO-TempOneWayWithConditions.j&quot;···)" computerName="PA_AP-3UINUHLUM" duration="00:00:00.3353897" startTime="2025-02-28T10:34:10.8659550+00:00" endTime="2025-02-28T10:34:11.3832416+00:00" testType="13cdc9d9-ddb5-4fa4-a97d-d965ccfc6d4b" outcome="Passed" testListId="8c84fa94-04c1-424b-9868-57a2d4851a1d" relativeResultsDirectory="afe4bfdd-6fdc-4df2-9bfd-a62ebe0d6d7b" />
    <UnitTestResult executionId="e21a6248-e0af-4610-b8ff-c1d8b87a07c9" testId="ae20e69d-eb94-121d-f0ab-5441cdbebfe4" testName="DfT.DTRO.IntegrationTests.IntegrationTests.SendDtroIntegrationTests.DtroSubmittedFromFileShouldBeSavedCorrectly(fileName: &quot;JSON-3.3.1-example-TTRO-RatesExample.json&quot;)" computerName="PA_AP-3UINUHLUM" duration="00:00:00.2359329" startTime="2025-02-28T10:34:16.3211877+00:00" endTime="2025-02-28T10:34:16.6749187+00:00" testType="13cdc9d9-ddb5-4fa4-a97d-d965ccfc6d4b" outcome="Passed" testListId="8c84fa94-04c1-424b-9868-57a2d4851a1d" relativeResultsDirectory="e21a6248-e0af-4610-b8ff-c1d8b87a07c9" />
    <UnitTestResult executionId="1560de45-4b24-4614-b85c-d4673eb113d6" testId="8a201196-5ec1-0efd-73df-b4c1d89c060a" testName="DfT.DTRO.IntegrationTests.IntegrationTests.SendDtroIntegrationTests.DtroSubmittedFromJsonBodyShouldBeSavedCorrectly(fileName: &quot;JSON-3.3.1-example-TTRO-SuspensionOneWay.json&quot;)" computerName="PA_AP-3UINUHLUM" duration="00:00:00.2305639" startTime="2025-02-28T10:34:11.3840324+00:00" endTime="2025-02-28T10:34:11.7419730+00:00" testType="13cdc9d9-ddb5-4fa4-a97d-d965ccfc6d4b" outcome="Passed" testListId="8c84fa94-04c1-424b-9868-57a2d4851a1d" relativeResultsDirectory="1560de45-4b24-4614-b85c-d4673eb113d6" />
    <UnitTestResult executionId="57b6d20c-c4fe-4efd-ab8c-66feeca3a637" testId="7fb9d4c6-5423-1ad7-0b48-e282442f7ec6" testName="DfT.DTRO.IntegrationTests.IntegrationTests.SendDtroIntegrationTests.DtroSubmittedFromJsonBodyShouldBeSavedCorrectly(fileName: &quot;JSON-3.3.1-example-TTRO-WeightRestriction.json&quot;)" computerName="PA_AP-3UINUHLUM" duration="00:00:06.3204779" startTime="2025-02-28T10:34:02.9718573+00:00" endTime="2025-02-28T10:34:09.3696753+00:00" testType="13cdc9d9-ddb5-4fa4-a97d-d965ccfc6d4b" outcome="Passed" testListId="8c84fa94-04c1-424b-9868-57a2d4851a1d" relativeResultsDirectory="57b6d20c-c4fe-4efd-ab8c-66feeca3a637" />
    <UnitTestResult executionId="a0337a84-93e1-43b7-922a-de215b827907" testId="5c1296ba-6adc-b863-1a42-a3013919c463" testName="DfT.DTRO.IntegrationTests.IntegrationTests.SendDtroIntegrationTests.DtroSubmittedFromFileShouldBeSavedCorrectly(fileName: &quot;JSON-3.3.1-example-TTRO-MoreComplexExample.json&quot;)" computerName="PA_AP-3UINUHLUM" duration="00:00:00.3358292" startTime="2025-02-28T10:34:14.5593082+00:00" endTime="2025-02-28T10:34:15.1503246+00:00" testType="13cdc9d9-ddb5-4fa4-a97d-d965ccfc6d4b" outcome="Passed" testListId="8c84fa94-04c1-424b-9868-57a2d4851a1d" relativeResultsDirectory="a0337a84-93e1-43b7-922a-de215b827907" />
    <UnitTestResult executionId="71d90c7b-f095-4b98-aa86-746450a3469f" testId="1cb54a59-b26e-1b7e-3e03-7ede321438e6" testName="DfT.DTRO.IntegrationTests.IntegrationTests.SendDtroIntegrationTests.DtroSubmittedFromFileShouldBeSavedCorrectly(fileName: &quot;JSON-3.3.1-example-TTRO-TempOneWayWithConditions.j&quot;···)" computerName="PA_AP-3UINUHLUM" duration="00:00:00.2270175" startTime="2025-02-28T10:34:15.1507969+00:00" endTime="2025-02-28T10:34:15.6159875+00:00" testType="13cdc9d9-ddb5-4fa4-a97d-d965ccfc6d4b" outcome="Passed" testListId="8c84fa94-04c1-424b-9868-57a2d4851a1d" relativeResultsDirectory="71d90c7b-f095-4b98-aa86-746450a3469f" />
    <UnitTestResult executionId="a86a8052-f915-4ed7-a2f0-73b915e01e1d" testId="2b839bc3-fb8b-0d1f-40e4-0ebb0226720d" testName="DfT.DTRO.IntegrationTests.IntegrationTests.SendDtroIntegrationTests.DtroSubmittedFromJsonBodyShouldBeSavedCorrectly(fileName: &quot;JSON-3.3.1-example-TTRO-multiple-nested-ConditionS&quot;···)" computerName="PA_AP-3UINUHLUM" duration="00:00:00.2259249" startTime="2025-02-28T10:34:11.7424489+00:00" endTime="2025-02-28T10:34:12.1011865+00:00" testType="13cdc9d9-ddb5-4fa4-a97d-d965ccfc6d4b" outcome="Passed" testListId="8c84fa94-04c1-424b-9868-57a2d4851a1d" relativeResultsDirectory="a86a8052-f915-4ed7-a2f0-73b915e01e1d" />
    <UnitTestResult executionId="5c019578-bd89-4eaa-914a-fde865de758b" testId="561b1520-72bc-a0d9-d598-9ef23ae8ce27" testName="DfT.DTRO.IntegrationTests.IntegrationTests.SendDtroIntegrationTests.DtroSubmittedFromFileShouldBeSavedCorrectly(fileName: &quot;JSON-3.3.1-example-TTRO-RoadClosureWithDiversionRo&quot;···)" computerName="PA_AP-3UINUHLUM" duration="00:00:00.2375427" startTime="2025-02-28T10:34:13.8183593+00:00" endTime="2025-02-28T10:34:14.1822855+00:00" testType="13cdc9d9-ddb5-4fa4-a97d-d965ccfc6d4b" outcome="Passed" testListId="8c84fa94-04c1-424b-9868-57a2d4851a1d" relativeResultsDirectory="5c019578-bd89-4eaa-914a-fde865de758b" />
    <UnitTestResult executionId="3dac20e4-1fca-4a42-a0f3-f6733d187072" testId="aa433ca9-33d4-3d6f-7f51-b03a800f3c86" testName="DfT.DTRO.IntegrationTests.IntegrationTests.SendDtroIntegrationTests.DtroSubmittedFromJsonBodyShouldBeSavedCorrectly(fileName: &quot;JSON-3.3.1-example-TTRO-MoreComplexExample.json&quot;)" computerName="PA_AP-3UINUHLUM" duration="00:00:00.4946835" startTime="2025-02-28T10:34:10.2125191+00:00" endTime="2025-02-28T10:34:10.8653828+00:00" testType="13cdc9d9-ddb5-4fa4-a97d-d965ccfc6d4b" outcome="Passed" testListId="8c84fa94-04c1-424b-9868-57a2d4851a1d" relativeResultsDirectory="3dac20e4-1fca-4a42-a0f3-f6733d187072" />
    <UnitTestResult executionId="1d5480b8-f42b-43f2-9f2a-93b660dcec91" testId="baa28310-60da-18f0-93b8-5dcda6b658ec" testName="DfT.DTRO.IntegrationTests.IntegrationTests.SendDtroIntegrationTests.DtroSubmittedFromFileShouldBeSavedCorrectly(fileName: &quot;JSON-3.3.1-example-TTRO-HeightRestrictionwithCondi&quot;···)" computerName="PA_AP-3UINUHLUM" duration="00:00:00.2981673" startTime="2025-02-28T10:34:13.3304871+00:00" endTime="2025-02-28T10:34:13.8179843+00:00" testType="13cdc9d9-ddb5-4fa4-a97d-d965ccfc6d4b" outcome="Passed" testListId="8c84fa94-04c1-424b-9868-57a2d4851a1d" relativeResultsDirectory="1d5480b8-f42b-43f2-9f2a-93b660dcec91" />
    <UnitTestResult executionId="236202bf-9a4c-4a56-8a3a-8bc87781cbb9" testId="72f808cb-f567-4bf5-eb71-ae6b112a7ab3" testName="DfT.DTRO.IntegrationTests.IntegrationTests.SendDtroIntegrationTests.DtroSubmittedFromFileShouldBeSavedCorrectly(fileName: &quot;JSON-3.3.1-example-TTRO-multiple-nested-ConditionS&quot;···)" computerName="PA_AP-3UINUHLUM" duration="00:00:00.2359601" startTime="2025-02-28T10:34:14.1827363+00:00" endTime="2025-02-28T10:34:14.5587378+00:00" testType="13cdc9d9-ddb5-4fa4-a97d-d965ccfc6d4b" outcome="Passed" testListId="8c84fa94-04c1-424b-9868-57a2d4851a1d" relativeResultsDirectory="236202bf-9a4c-4a56-8a3a-8bc87781cbb9" />
    <UnitTestResult executionId="7c7f989d-cad0-4935-a7a1-5635e30a33e9" testId="e510a6c0-47dd-a272-8c92-c3f4d985e4a5" testName="DfT.DTRO.IntegrationTests.IntegrationTests.SendDtroIntegrationTests.DtroSubmittedFromFileShouldBeSavedCorrectly(fileName: &quot;JSON-3.3.1-example-TTRO-WeightRestriction.json&quot;)" computerName="PA_AP-3UINUHLUM" duration="00:00:00.2513082" startTime="2025-02-28T10:34:12.9410297+00:00" endTime="2025-02-28T10:34:13.3300977+00:00" testType="13cdc9d9-ddb5-4fa4-a97d-d965ccfc6d4b" outcome="Passed" testListId="8c84fa94-04c1-424b-9868-57a2d4851a1d" relativeResultsDirectory="7c7f989d-cad0-4935-a7a1-5635e30a33e9" />
    <UnitTestResult executionId="6e03802a-e129-4e7c-9dc9-41c6109ae315" testId="3fde5e79-2853-88f1-b543-1d1f54bd4e72" testName="DfT.DTRO.IntegrationTests.IntegrationTests.SendDtroIntegrationTests.DtroSubmittedFromFileShouldBeSavedCorrectly(fileName: &quot;JSON-3.3.1-example-TTRO-SuspensionOneWay.json&quot;)" computerName="PA_AP-3UINUHLUM" duration="00:00:00.2433361" startTime="2025-02-28T10:34:15.9488174+00:00" endTime="2025-02-28T10:34:16.3207331+00:00" testType="13cdc9d9-ddb5-4fa4-a97d-d965ccfc6d4b" outcome="Passed" testListId="8c84fa94-04c1-424b-9868-57a2d4851a1d" relativeResultsDirectory="6e03802a-e129-4e7c-9dc9-41c6109ae315" />
    <UnitTestResult executionId="e39c2802-66b2-4a0a-99cb-97ee2d29d94f" testId="8e879001-225e-b408-4863-07b20bffa46a" testName="DfT.DTRO.IntegrationTests.IntegrationTests.SendDtroIntegrationTests.DtroSubmittedFromJsonBodyShouldBeSavedCorrectly(fileName: &quot;JSON-3.3.1-example-TTRO-RoadClosureWithDiversionRo&quot;···)" computerName="PA_AP-3UINUHLUM" duration="00:00:00.2381180" startTime="2025-02-28T10:34:12.5742349+00:00" endTime="2025-02-28T10:34:12.9383548+00:00" testType="13cdc9d9-ddb5-4fa4-a97d-d965ccfc6d4b" outcome="Passed" testListId="8c84fa94-04c1-424b-9868-57a2d4851a1d" relativeResultsDirectory="e39c2802-66b2-4a0a-99cb-97ee2d29d94f" />
    <UnitTestResult executionId="edd9ae15-9108-47d7-ad5b-ce3264e6d958" testId="cf36bd42-e310-fbf7-9cc5-b34987c189cb" testName="DfT.DTRO.IntegrationTests.IntegrationTests.SendDtroIntegrationTests.DtroSubmittedFromFileShouldBeSavedCorrectly(fileName: &quot;JSON-3.3.1-example-Derbyshire 2024 DJ388 partial.j&quot;···)" computerName="PA_AP-3UINUHLUM" duration="00:00:00.2117965" startTime="2025-02-28T10:34:15.6163894+00:00" endTime="2025-02-28T10:34:15.9484958+00:00" testType="13cdc9d9-ddb5-4fa4-a97d-d965ccfc6d4b" outcome="Passed" testListId="8c84fa94-04c1-424b-9868-57a2d4851a1d" relativeResultsDirectory="edd9ae15-9108-47d7-ad5b-ce3264e6d958" />
    <UnitTestResult executionId="32d8acb5-2922-4863-a097-b609016f983b" testId="0f3ce8f3-c07b-7faf-6172-085a7633087d" testName="DfT.DTRO.IntegrationTests.IntegrationTests.SendDtroIntegrationTests.DtroSubmittedFromJsonBodyShouldBeSavedCorrectly(fileName: &quot;JSON-3.3.1-example-TTRO-HeightRestrictionwithCondi&quot;···)" computerName="PA_AP-3UINUHLUM" duration="00:00:00.2594128" startTime="2025-02-28T10:34:09.3898349+00:00" endTime="2025-02-28T10:34:09.7624543+00:00" testType="13cdc9d9-ddb5-4fa4-a97d-d965ccfc6d4b" outcome="Passed" testListId="8c84fa94-04c1-424b-9868-57a2d4851a1d" relativeResultsDirectory="32d8acb5-2922-4863-a097-b609016f983b" />
  </Results>
  <TestDefinitions>
    <UnitTest name="DfT.DTRO.IntegrationTests.IntegrationTests.SendDtroIntegrationTests.DtroSubmittedFromJsonBodyShouldBeSavedCorrectly(fileName: &quot;JSON-3.3.1-example-TTRO-RatesExample.json&quot;)" storage="c:\users\belgp3\onedrive - pa consulting group\documents\work\code\pa\clients\dft\dft-dtro-beta\src\dft.dtro.integrationtests\bin\debug\net8.0\dft.dtro.integrationtests.dll" id="dd083859-d5ec-e3d3-d527-23bcdcf70d26">
      <Execution id="789b31f4-2e89-402f-b3b3-2e5d74ae7f0b" />
      <TestMethod codeBase="C:\Users\BELGP3\OneDrive - PA Consulting Group\Documents\Work\Code\PA\Clients\DfT\dft-dtro-beta\Src\DfT.DTRO.IntegrationTests\bin\Debug\net8.0\DfT.DTRO.IntegrationTests.dll" adapterTypeName="executor://xunit/VsTestRunner3/netcore/" className="DfT.DTRO.IntegrationTests.IntegrationTests.SendDtroIntegrationTests" name="DtroSubmittedFromJsonBodyShouldBeSavedCorrectly" />
    </UnitTest>
    <UnitTest name="DfT.DTRO.IntegrationTests.IntegrationTests.SendDtroIntegrationTests.DtroSubmittedFromJsonBodyShouldBeSavedCorrectly(fileName: &quot;JSON-3.3.1-example-TTRO-HeightRestrictionwithCondi&quot;···)" storage="c:\users\belgp3\onedrive - pa consulting group\documents\work\code\pa\clients\dft\dft-dtro-beta\src\dft.dtro.integrationtests\bin\debug\net8.0\dft.dtro.integrationtests.dll" id="0f3ce8f3-c07b-7faf-6172-085a7633087d">
      <Execution id="32d8acb5-2922-4863-a097-b609016f983b" />
      <TestMethod codeBase="C:\Users\BELGP3\OneDrive - PA Consulting Group\Documents\Work\Code\PA\Clients\DfT\dft-dtro-beta\Src\DfT.DTRO.IntegrationTests\bin\Debug\net8.0\DfT.DTRO.IntegrationTests.dll" adapterTypeName="executor://xunit/VsTestRunner3/netcore/" className="DfT.DTRO.IntegrationTests.IntegrationTests.SendDtroIntegrationTests" name="DtroSubmittedFromJsonBodyShouldBeSavedCorrectly" />
    </UnitTest>
    <UnitTest name="DfT.DTRO.IntegrationTests.IntegrationTests.SendDtroIntegrationTests.DtroSubmittedFromJsonBodyShouldBeSavedCorrectly(fileName: &quot;JSON-3.3.1-example-Derbyshire 2024 DJ388 partial.j&quot;···)" storage="c:\users\belgp3\onedrive - pa consulting group\documents\work\code\pa\clients\dft\dft-dtro-beta\src\dft.dtro.integrationtests\bin\debug\net8.0\dft.dtro.integrationtests.dll" id="c2c37ad6-4530-5677-911c-c661f1f30740">
      <Execution id="cb8958f3-2a17-4c3c-9f8e-2db7d700751f" />
      <TestMethod codeBase="C:\Users\BELGP3\OneDrive - PA Consulting Group\Documents\Work\Code\PA\Clients\DfT\dft-dtro-beta\Src\DfT.DTRO.IntegrationTests\bin\Debug\net8.0\DfT.DTRO.IntegrationTests.dll" adapterTypeName="executor://xunit/VsTestRunner3/netcore/" className="DfT.DTRO.IntegrationTests.IntegrationTests.SendDtroIntegrationTests" name="DtroSubmittedFromJsonBodyShouldBeSavedCorrectly" />
    </UnitTest>
    <UnitTest name="DfT.DTRO.IntegrationTests.IntegrationTests.SendDtroIntegrationTests.DtroSubmittedFromJsonBodyShouldBeSavedCorrectly(fileName: &quot;JSON-3.3.1-example-TTRO-SuspensionOneWay.json&quot;)" storage="c:\users\belgp3\onedrive - pa consulting group\documents\work\code\pa\clients\dft\dft-dtro-beta\src\dft.dtro.integrationtests\bin\debug\net8.0\dft.dtro.integrationtests.dll" id="8a201196-5ec1-0efd-73df-b4c1d89c060a">
      <Execution id="1560de45-4b24-4614-b85c-d4673eb113d6" />
      <TestMethod codeBase="C:\Users\BELGP3\OneDrive - PA Consulting Group\Documents\Work\Code\PA\Clients\DfT\dft-dtro-beta\Src\DfT.DTRO.IntegrationTests\bin\Debug\net8.0\DfT.DTRO.IntegrationTests.dll" adapterTypeName="executor://xunit/VsTestRunner3/netcore/" className="DfT.DTRO.IntegrationTests.IntegrationTests.SendDtroIntegrationTests" name="DtroSubmittedFromJsonBodyShouldBeSavedCorrectly" />
    </UnitTest>
    <UnitTest name="DfT.DTRO.IntegrationTests.IntegrationTests.SendDtroIntegrationTests.DtroSubmittedFromFileShouldBeSavedCorrectly(fileName: &quot;JSON-3.3.1-example-TTRO-RoadClosureWithDiversionRo&quot;···)" storage="c:\users\belgp3\onedrive - pa consulting group\documents\work\code\pa\clients\dft\dft-dtro-beta\src\dft.dtro.integrationtests\bin\debug\net8.0\dft.dtro.integrationtests.dll" id="561b1520-72bc-a0d9-d598-9ef23ae8ce27">
      <Execution id="5c019578-bd89-4eaa-914a-fde865de758b" />
      <TestMethod codeBase="C:\Users\BELGP3\OneDrive - PA Consulting Group\Documents\Work\Code\PA\Clients\DfT\dft-dtro-beta\Src\DfT.DTRO.IntegrationTests\bin\Debug\net8.0\DfT.DTRO.IntegrationTests.dll" adapterTypeName="executor://xunit/VsTestRunner3/netcore/" className="DfT.DTRO.IntegrationTests.IntegrationTests.SendDtroIntegrationTests" name="DtroSubmittedFromFileShouldBeSavedCorrectly" />
    </UnitTest>
    <UnitTest name="DfT.DTRO.IntegrationTests.IntegrationTests.SendDtroIntegrationTests.DtroSubmittedFromFileShouldBeSavedCorrectly(fileName: &quot;JSON-3.3.1-example-TTRO-HeightRestrictionwithCondi&quot;···)" storage="c:\users\belgp3\onedrive - pa consulting group\documents\work\code\pa\clients\dft\dft-dtro-beta\src\dft.dtro.integrationtests\bin\debug\net8.0\dft.dtro.integrationtests.dll" id="baa28310-60da-18f0-93b8-5dcda6b658ec">
      <Execution id="1d5480b8-f42b-43f2-9f2a-93b660dcec91" />
      <TestMethod codeBase="C:\Users\BELGP3\OneDrive - PA Consulting Group\Documents\Work\Code\PA\Clients\DfT\dft-dtro-beta\Src\DfT.DTRO.IntegrationTests\bin\Debug\net8.0\DfT.DTRO.IntegrationTests.dll" adapterTypeName="executor://xunit/VsTestRunner3/netcore/" className="DfT.DTRO.IntegrationTests.IntegrationTests.SendDtroIntegrationTests" name="DtroSubmittedFromFileShouldBeSavedCorrectly" />
    </UnitTest>
    <UnitTest name="DfT.DTRO.IntegrationTests.IntegrationTests.SendDtroIntegrationTests.DtroSubmittedFromFileShouldBeSavedCorrectly(fileName: &quot;JSON-3.3.1-example-TTRO-RatesExample.json&quot;)" storage="c:\users\belgp3\onedrive - pa consulting group\documents\work\code\pa\clients\dft\dft-dtro-beta\src\dft.dtro.integrationtests\bin\debug\net8.0\dft.dtro.integrationtests.dll" id="ae20e69d-eb94-121d-f0ab-5441cdbebfe4">
      <Execution id="e21a6248-e0af-4610-b8ff-c1d8b87a07c9" />
      <TestMethod codeBase="C:\Users\BELGP3\OneDrive - PA Consulting Group\Documents\Work\Code\PA\Clients\DfT\dft-dtro-beta\Src\DfT.DTRO.IntegrationTests\bin\Debug\net8.0\DfT.DTRO.IntegrationTests.dll" adapterTypeName="executor://xunit/VsTestRunner3/netcore/" className="DfT.DTRO.IntegrationTests.IntegrationTests.SendDtroIntegrationTests" name="DtroSubmittedFromFileShouldBeSavedCorrectly" />
    </UnitTest>
    <UnitTest name="DfT.DTRO.IntegrationTests.IntegrationTests.SendDtroIntegrationTests.DtroSubmittedFromFileShouldBeSavedCorrectly(fileName: &quot;JSON-3.3.1-example-TTRO-multiple-nested-ConditionS&quot;···)" storage="c:\users\belgp3\onedrive - pa consulting group\documents\work\code\pa\clients\dft\dft-dtro-beta\src\dft.dtro.integrationtests\bin\debug\net8.0\dft.dtro.integrationtests.dll" id="72f808cb-f567-4bf5-eb71-ae6b112a7ab3">
      <Execution id="236202bf-9a4c-4a56-8a3a-8bc87781cbb9" />
      <TestMethod codeBase="C:\Users\BELGP3\OneDrive - PA Consulting Group\Documents\Work\Code\PA\Clients\DfT\dft-dtro-beta\Src\DfT.DTRO.IntegrationTests\bin\Debug\net8.0\DfT.DTRO.IntegrationTests.dll" adapterTypeName="executor://xunit/VsTestRunner3/netcore/" className="DfT.DTRO.IntegrationTests.IntegrationTests.SendDtroIntegrationTests" name="DtroSubmittedFromFileShouldBeSavedCorrectly" />
    </UnitTest>
    <UnitTest name="DfT.DTRO.IntegrationTests.IntegrationTests.SendDtroIntegrationTests.DtroSubmittedFromJsonBodyShouldBeSavedCorrectly(fileName: &quot;JSON-3.3.1-example-TTRO-MoreComplexExample.json&quot;)" storage="c:\users\belgp3\onedrive - pa consulting group\documents\work\code\pa\clients\dft\dft-dtro-beta\src\dft.dtro.integrationtests\bin\debug\net8.0\dft.dtro.integrationtests.dll" id="aa433ca9-33d4-3d6f-7f51-b03a800f3c86">
      <Execution id="3dac20e4-1fca-4a42-a0f3-f6733d187072" />
      <TestMethod codeBase="C:\Users\BELGP3\OneDrive - PA Consulting Group\Documents\Work\Code\PA\Clients\DfT\dft-dtro-beta\Src\DfT.DTRO.IntegrationTests\bin\Debug\net8.0\DfT.DTRO.IntegrationTests.dll" adapterTypeName="executor://xunit/VsTestRunner3/netcore/" className="DfT.DTRO.IntegrationTests.IntegrationTests.SendDtroIntegrationTests" name="DtroSubmittedFromJsonBodyShouldBeSavedCorrectly" />
    </UnitTest>
    <UnitTest name="DfT.DTRO.IntegrationTests.IntegrationTests.SendDtroIntegrationTests.DtroSubmittedFromFileShouldBeSavedCorrectly(fileName: &quot;JSON-3.3.1-example-TTRO-SuspensionOneWay.json&quot;)" storage="c:\users\belgp3\onedrive - pa consulting group\documents\work\code\pa\clients\dft\dft-dtro-beta\src\dft.dtro.integrationtests\bin\debug\net8.0\dft.dtro.integrationtests.dll" id="3fde5e79-2853-88f1-b543-1d1f54bd4e72">
      <Execution id="6e03802a-e129-4e7c-9dc9-41c6109ae315" />
      <TestMethod codeBase="C:\Users\BELGP3\OneDrive - PA Consulting Group\Documents\Work\Code\PA\Clients\DfT\dft-dtro-beta\Src\DfT.DTRO.IntegrationTests\bin\Debug\net8.0\DfT.DTRO.IntegrationTests.dll" adapterTypeName="executor://xunit/VsTestRunner3/netcore/" className="DfT.DTRO.IntegrationTests.IntegrationTests.SendDtroIntegrationTests" name="DtroSubmittedFromFileShouldBeSavedCorrectly" />
    </UnitTest>
    <UnitTest name="DfT.DTRO.IntegrationTests.IntegrationTests.SendDtroIntegrationTests.DtroSubmittedFromFileShouldBeSavedCorrectly(fileName: &quot;JSON-3.3.1-example-TTRO-TempOneWayWithConditions.j&quot;···)" storage="c:\users\belgp3\onedrive - pa consulting group\documents\work\code\pa\clients\dft\dft-dtro-beta\src\dft.dtro.integrationtests\bin\debug\net8.0\dft.dtro.integrationtests.dll" id="1cb54a59-b26e-1b7e-3e03-7ede321438e6">
      <Execution id="71d90c7b-f095-4b98-aa86-746450a3469f" />
      <TestMethod codeBase="C:\Users\BELGP3\OneDrive - PA Consulting Group\Documents\Work\Code\PA\Clients\DfT\dft-dtro-beta\Src\DfT.DTRO.IntegrationTests\bin\Debug\net8.0\DfT.DTRO.IntegrationTests.dll" adapterTypeName="executor://xunit/VsTestRunner3/netcore/" className="DfT.DTRO.IntegrationTests.IntegrationTests.SendDtroIntegrationTests" name="DtroSubmittedFromFileShouldBeSavedCorrectly" />
    </UnitTest>
    <UnitTest name="DfT.DTRO.IntegrationTests.IntegrationTests.SendDtroIntegrationTests.DtroSubmittedFromJsonBodyShouldBeSavedCorrectly(fileName: &quot;JSON-3.3.1-example-TTRO-multiple-nested-ConditionS&quot;···)" storage="c:\users\belgp3\onedrive - pa consulting group\documents\work\code\pa\clients\dft\dft-dtro-beta\src\dft.dtro.integrationtests\bin\debug\net8.0\dft.dtro.integrationtests.dll" id="2b839bc3-fb8b-0d1f-40e4-0ebb0226720d">
      <Execution id="a86a8052-f915-4ed7-a2f0-73b915e01e1d" />
      <TestMethod codeBase="C:\Users\BELGP3\OneDrive - PA Consulting Group\Documents\Work\Code\PA\Clients\DfT\dft-dtro-beta\Src\DfT.DTRO.IntegrationTests\bin\Debug\net8.0\DfT.DTRO.IntegrationTests.dll" adapterTypeName="executor://xunit/VsTestRunner3/netcore/" className="DfT.DTRO.IntegrationTests.IntegrationTests.SendDtroIntegrationTests" name="DtroSubmittedFromJsonBodyShouldBeSavedCorrectly" />
    </UnitTest>
    <UnitTest name="DfT.DTRO.IntegrationTests.IntegrationTests.SendDtroIntegrationTests.DtroSubmittedFromJsonBodyShouldBeSavedCorrectly(fileName: &quot;JSON-3.3.1-example-TTRO-WeightRestriction.json&quot;)" storage="c:\users\belgp3\onedrive - pa consulting group\documents\work\code\pa\clients\dft\dft-dtro-beta\src\dft.dtro.integrationtests\bin\debug\net8.0\dft.dtro.integrationtests.dll" id="7fb9d4c6-5423-1ad7-0b48-e282442f7ec6">
      <Execution id="57b6d20c-c4fe-4efd-ab8c-66feeca3a637" />
      <TestMethod codeBase="C:\Users\BELGP3\OneDrive - PA Consulting Group\Documents\Work\Code\PA\Clients\DfT\dft-dtro-beta\Src\DfT.DTRO.IntegrationTests\bin\Debug\net8.0\DfT.DTRO.IntegrationTests.dll" adapterTypeName="executor://xunit/VsTestRunner3/netcore/" className="DfT.DTRO.IntegrationTests.IntegrationTests.SendDtroIntegrationTests" name="DtroSubmittedFromJsonBodyShouldBeSavedCorrectly" />
    </UnitTest>
    <UnitTest name="DfT.DTRO.IntegrationTests.IntegrationTests.SendDtroIntegrationTests.DtroSubmittedFromJsonBodyShouldBeSavedCorrectly(fileName: &quot;JSON-3.3.1-example-TTRO-TempOneWayWithConditions.j&quot;···)" storage="c:\users\belgp3\onedrive - pa consulting group\documents\work\code\pa\clients\dft\dft-dtro-beta\src\dft.dtro.integrationtests\bin\debug\net8.0\dft.dtro.integrationtests.dll" id="3c9e7cbe-9e24-6ee6-f1c2-1375e0b44746">
      <Execution id="afe4bfdd-6fdc-4df2-9bfd-a62ebe0d6d7b" />
      <TestMethod codeBase="C:\Users\BELGP3\OneDrive - PA Consulting Group\Documents\Work\Code\PA\Clients\DfT\dft-dtro-beta\Src\DfT.DTRO.IntegrationTests\bin\Debug\net8.0\DfT.DTRO.IntegrationTests.dll" adapterTypeName="executor://xunit/VsTestRunner3/netcore/" className="DfT.DTRO.IntegrationTests.IntegrationTests.SendDtroIntegrationTests" name="DtroSubmittedFromJsonBodyShouldBeSavedCorrectly" />
    </UnitTest>
    <UnitTest name="DfT.DTRO.IntegrationTests.IntegrationTests.SendDtroIntegrationTests.DtroSubmittedFromFileShouldBeSavedCorrectly(fileName: &quot;JSON-3.3.1-example-TTRO-WeightRestriction.json&quot;)" storage="c:\users\belgp3\onedrive - pa consulting group\documents\work\code\pa\clients\dft\dft-dtro-beta\src\dft.dtro.integrationtests\bin\debug\net8.0\dft.dtro.integrationtests.dll" id="e510a6c0-47dd-a272-8c92-c3f4d985e4a5">
      <Execution id="7c7f989d-cad0-4935-a7a1-5635e30a33e9" />
      <TestMethod codeBase="C:\Users\BELGP3\OneDrive - PA Consulting Group\Documents\Work\Code\PA\Clients\DfT\dft-dtro-beta\Src\DfT.DTRO.IntegrationTests\bin\Debug\net8.0\DfT.DTRO.IntegrationTests.dll" adapterTypeName="executor://xunit/VsTestRunner3/netcore/" className="DfT.DTRO.IntegrationTests.IntegrationTests.SendDtroIntegrationTests" name="DtroSubmittedFromFileShouldBeSavedCorrectly" />
    </UnitTest>
    <UnitTest name="DfT.DTRO.IntegrationTests.IntegrationTests.SendDtroIntegrationTests.DtroSubmittedFromJsonBodyShouldBeSavedCorrectly(fileName: &quot;JSON-3.3.1-example-TTRO-RoadClosureWithDiversionRo&quot;···)" storage="c:\users\belgp3\onedrive - pa consulting group\documents\work\code\pa\clients\dft\dft-dtro-beta\src\dft.dtro.integrationtests\bin\debug\net8.0\dft.dtro.integrationtests.dll" id="8e879001-225e-b408-4863-07b20bffa46a">
      <Execution id="e39c2802-66b2-4a0a-99cb-97ee2d29d94f" />
      <TestMethod codeBase="C:\Users\BELGP3\OneDrive - PA Consulting Group\Documents\Work\Code\PA\Clients\DfT\dft-dtro-beta\Src\DfT.DTRO.IntegrationTests\bin\Debug\net8.0\DfT.DTRO.IntegrationTests.dll" adapterTypeName="executor://xunit/VsTestRunner3/netcore/" className="DfT.DTRO.IntegrationTests.IntegrationTests.SendDtroIntegrationTests" name="DtroSubmittedFromJsonBodyShouldBeSavedCorrectly" />
    </UnitTest>
    <UnitTest name="DfT.DTRO.IntegrationTests.IntegrationTests.SendDtroIntegrationTests.DtroSubmittedFromFileShouldBeSavedCorrectly(fileName: &quot;JSON-3.3.1-example-TTRO-MoreComplexExample.json&quot;)" storage="c:\users\belgp3\onedrive - pa consulting group\documents\work\code\pa\clients\dft\dft-dtro-beta\src\dft.dtro.integrationtests\bin\debug\net8.0\dft.dtro.integrationtests.dll" id="5c1296ba-6adc-b863-1a42-a3013919c463">
      <Execution id="a0337a84-93e1-43b7-922a-de215b827907" />
      <TestMethod codeBase="C:\Users\BELGP3\OneDrive - PA Consulting Group\Documents\Work\Code\PA\Clients\DfT\dft-dtro-beta\Src\DfT.DTRO.IntegrationTests\bin\Debug\net8.0\DfT.DTRO.IntegrationTests.dll" adapterTypeName="executor://xunit/VsTestRunner3/netcore/" className="DfT.DTRO.IntegrationTests.IntegrationTests.SendDtroIntegrationTests" name="DtroSubmittedFromFileShouldBeSavedCorrectly" />
    </UnitTest>
    <UnitTest name="DfT.DTRO.IntegrationTests.IntegrationTests.SendDtroIntegrationTests.DtroSubmittedFromFileShouldBeSavedCorrectly(fileName: &quot;JSON-3.3.1-example-Derbyshire 2024 DJ388 partial.j&quot;···)" storage="c:\users\belgp3\onedrive - pa consulting group\documents\work\code\pa\clients\dft\dft-dtro-beta\src\dft.dtro.integrationtests\bin\debug\net8.0\dft.dtro.integrationtests.dll" id="cf36bd42-e310-fbf7-9cc5-b34987c189cb">
      <Execution id="edd9ae15-9108-47d7-ad5b-ce3264e6d958" />
      <TestMethod codeBase="C:\Users\BELGP3\OneDrive - PA Consulting Group\Documents\Work\Code\PA\Clients\DfT\dft-dtro-beta\Src\DfT.DTRO.IntegrationTests\bin\Debug\net8.0\DfT.DTRO.IntegrationTests.dll" adapterTypeName="executor://xunit/VsTestRunner3/netcore/" className="DfT.DTRO.IntegrationTests.IntegrationTests.SendDtroIntegrationTests" name="DtroSubmittedFromFileShouldBeSavedCorrectly" />
    </UnitTest>
  </TestDefinitions>
  <TestEntries>
    <TestEntry testId="c2c37ad6-4530-5677-911c-c661f1f30740" executionId="cb8958f3-2a17-4c3c-9f8e-2db7d700751f" testListId="8c84fa94-04c1-424b-9868-57a2d4851a1d" />
    <TestEntry testId="dd083859-d5ec-e3d3-d527-23bcdcf70d26" executionId="789b31f4-2e89-402f-b3b3-2e5d74ae7f0b" testListId="8c84fa94-04c1-424b-9868-57a2d4851a1d" />
    <TestEntry testId="3c9e7cbe-9e24-6ee6-f1c2-1375e0b44746" executionId="afe4bfdd-6fdc-4df2-9bfd-a62ebe0d6d7b" testListId="8c84fa94-04c1-424b-9868-57a2d4851a1d" />
    <TestEntry testId="ae20e69d-eb94-121d-f0ab-5441cdbebfe4" executionId="e21a6248-e0af-4610-b8ff-c1d8b87a07c9" testListId="8c84fa94-04c1-424b-9868-57a2d4851a1d" />
    <TestEntry testId="8a201196-5ec1-0efd-73df-b4c1d89c060a" executionId="1560de45-4b24-4614-b85c-d4673eb113d6" testListId="8c84fa94-04c1-424b-9868-57a2d4851a1d" />
    <TestEntry testId="7fb9d4c6-5423-1ad7-0b48-e282442f7ec6" executionId="57b6d20c-c4fe-4efd-ab8c-66feeca3a637" testListId="8c84fa94-04c1-424b-9868-57a2d4851a1d" />
    <TestEntry testId="5c1296ba-6adc-b863-1a42-a3013919c463" executionId="a0337a84-93e1-43b7-922a-de215b827907" testListId="8c84fa94-04c1-424b-9868-57a2d4851a1d" />
    <TestEntry testId="1cb54a59-b26e-1b7e-3e03-7ede321438e6" executionId="71d90c7b-f095-4b98-aa86-746450a3469f" testListId="8c84fa94-04c1-424b-9868-57a2d4851a1d" />
    <TestEntry testId="2b839bc3-fb8b-0d1f-40e4-0ebb0226720d" executionId="a86a8052-f915-4ed7-a2f0-73b915e01e1d" testListId="8c84fa94-04c1-424b-9868-57a2d4851a1d" />
    <TestEntry testId="561b1520-72bc-a0d9-d598-9ef23ae8ce27" executionId="5c019578-bd89-4eaa-914a-fde865de758b" testListId="8c84fa94-04c1-424b-9868-57a2d4851a1d" />
    <TestEntry testId="aa433ca9-33d4-3d6f-7f51-b03a800f3c86" executionId="3dac20e4-1fca-4a42-a0f3-f6733d187072" testListId="8c84fa94-04c1-424b-9868-57a2d4851a1d" />
    <TestEntry testId="baa28310-60da-18f0-93b8-5dcda6b658ec" executionId="1d5480b8-f42b-43f2-9f2a-93b660dcec91" testListId="8c84fa94-04c1-424b-9868-57a2d4851a1d" />
    <TestEntry testId="72f808cb-f567-4bf5-eb71-ae6b112a7ab3" executionId="236202bf-9a4c-4a56-8a3a-8bc87781cbb9" testListId="8c84fa94-04c1-424b-9868-57a2d4851a1d" />
    <TestEntry testId="e510a6c0-47dd-a272-8c92-c3f4d985e4a5" executionId="7c7f989d-cad0-4935-a7a1-5635e30a33e9" testListId="8c84fa94-04c1-424b-9868-57a2d4851a1d" />
    <TestEntry testId="3fde5e79-2853-88f1-b543-1d1f54bd4e72" executionId="6e03802a-e129-4e7c-9dc9-41c6109ae315" testListId="8c84fa94-04c1-424b-9868-57a2d4851a1d" />
    <TestEntry testId="8e879001-225e-b408-4863-07b20bffa46a" executionId="e39c2802-66b2-4a0a-99cb-97ee2d29d94f" testListId="8c84fa94-04c1-424b-9868-57a2d4851a1d" />
    <TestEntry testId="cf36bd42-e310-fbf7-9cc5-b34987c189cb" executionId="edd9ae15-9108-47d7-ad5b-ce3264e6d958" testListId="8c84fa94-04c1-424b-9868-57a2d4851a1d" />
    <TestEntry testId="0f3ce8f3-c07b-7faf-6172-085a7633087d" executionId="32d8acb5-2922-4863-a097-b609016f983b" testListId="8c84fa94-04c1-424b-9868-57a2d4851a1d" />
  </TestEntries>
  <TestLists>
    <TestList name="Results Not in a List" id="8c84fa94-04c1-424b-9868-57a2d4851a1d" />
    <TestList name="All Loaded Results" id="19431567-8539-422a-85d7-44ee4e166bda" />
  </TestLists>
  <ResultSummary outcome="Completed">
    <Counters total="18" executed="18" passed="18" failed="0" error="0" timeout="0" aborted="0" inconclusive="0" passedButRunAborted="0" notRunnable="0" notExecuted="0" disconnected="0" warning="0" completed="0" inProgress="0" pending="0" />
    <Output>
      <StdOut>[xUnit.net 00:00:00.00] xUnit.net VSTest Adapter v3.0.1+f8675c32e5 (64-bit .NET 8.0.13)&#xD;
[xUnit.net 00:00:00.14]   Discovering: DfT.DTRO.IntegrationTests&#xD;
[xUnit.net 00:00:00.22]   Discovered:  DfT.DTRO.IntegrationTests&#xD;
[xUnit.net 00:00:00.27]   Starting:    DfT.DTRO.IntegrationTests&#xD;
Do once before each test run...&#xD;
App ID: 6c6ae656-181d-4da3-b74a-90105670bbe9&#xD;
TRA ID: 929920068&#xD;
Group ID: 0&#xD;
========= cURL request =========&#xD;
curl -k -X POST "https://localhost:5001/dtroUsers/createFromBody" -H "x-App-Id: 8c5dd928-2c6b-4104-a000-283f8b366cf2" -H "Content-Type: application/json" -d "{\r    \"id\": \"26fc4211-fa5b-442b-9978-fda7b1109a3c\",\r    \"traId\": 929920068,\r    \"name\": \"All permissions\",\r    \"prefix\": \"AB\",\r    \"userGroup\": 0,\r    \"xAppId\": \"8c5dd928-2c6b-4104-a000-283f8b366cf2\"\r}"&#xD;
================================&#xD;
========= HTTP response =========&#xD;
Response status code: Created&#xD;
Response headers:&#xD;
  Date: Fri, 28 Feb 2025 10:34:05 GMT&#xD;
  Server: Kestrel&#xD;
  Cache-Control: no-store, must-revalidate, no-cache&#xD;
  Location: https://localhost:5001/dtroUsers/createFromBody?id=6d6f5af4-9fbe-4b2c-9b9e-ab541ca6e602&#xD;
  Pragma: no-cache&#xD;
  Cross-Origin-Embedder-Policy: unsafe-none&#xD;
  Cross-Origin-Opener-Policy: same-origin&#xD;
  Cross-Origin-Resource-Policy: cross-origin&#xD;
  permissions-policy: geolocation=(), midi=(), sync-xhr=(), microphone=(), camera=(), magnetometer=(), gyroscope=(), fullscreen=(), payment=()&#xD;
  Referrer-Policy: no-referrer&#xD;
  X-Content-Type-Options: nosniff&#xD;
  X-Frame-Options: DENY&#xD;
  X-Permitted-Cross-Domain-Policies: none&#xD;
  X-XSS-Protection: 1; mode=block&#xD;
  X-UA-Compatible: IE=Edge&#xD;
  Strict-Transport-Security: max-age=31536000&#xD;
  X-Correlation-ID: 6e8c5c4b-729c-4b4b-b1af-4069e2c54e84&#xD;
Response body:&#xD;
{&#xD;
  "id": "6d6f5af4-9fbe-4b2c-9b9e-ab541ca6e602"&#xD;
}&#xD;
=================================&#xD;
Deleted file C:\Users\BELGP3\OneDrive - PA Consulting Group\Documents\Work\Code\PA\Clients\DfT\dft-dtro-beta/examples/temp\JSON-3.3.1-example-Derbyshire 2024 DJ388 partial.json&#xD;
Deleted file C:\Users\BELGP3\OneDrive - PA Consulting Group\Documents\Work\Code\PA\Clients\DfT\dft-dtro-beta/examples/temp\JSON-3.3.1-example-TTRO-HeightRestrictionwithConditions.json&#xD;
Deleted file C:\Users\BELGP3\OneDrive - PA Consulting Group\Documents\Work\Code\PA\Clients\DfT\dft-dtro-beta/examples/temp\JSON-3.3.1-example-TTRO-MoreComplexExample.json&#xD;
Deleted file C:\Users\BELGP3\OneDrive - PA Consulting Group\Documents\Work\Code\PA\Clients\DfT\dft-dtro-beta/examples/temp\JSON-3.3.1-example-TTRO-multiple-nested-ConditionSet.json&#xD;
Deleted file C:\Users\BELGP3\OneDrive - PA Consulting Group\Documents\Work\Code\PA\Clients\DfT\dft-dtro-beta/examples/temp\JSON-3.3.1-example-TTRO-RatesExample.json&#xD;
Deleted file C:\Users\BELGP3\OneDrive - PA Consulting Group\Documents\Work\Code\PA\Clients\DfT\dft-dtro-beta/examples/temp\JSON-3.3.1-example-TTRO-RoadClosureWithDiversionRoute.json&#xD;
Deleted file C:\Users\BELGP3\OneDrive - PA Consulting Group\Documents\Work\Code\PA\Clients\DfT\dft-dtro-beta/examples/temp\JSON-3.3.1-example-TTRO-SuspensionOneWay.json&#xD;
Deleted file C:\Users\BELGP3\OneDrive - PA Consulting Group\Documents\Work\Code\PA\Clients\DfT\dft-dtro-beta/examples/temp\JSON-3.3.1-example-TTRO-TempOneWayWithConditions.json&#xD;
Deleted file C:\Users\BELGP3\OneDrive - PA Consulting Group\Documents\Work\Code\PA\Clients\DfT\dft-dtro-beta/examples/temp\JSON-3.3.1-example-TTRO-WeightRestriction.json&#xD;
========= cURL request =========&#xD;
curl -k -X GET "https://localhost:5001/dtroUsers" -H "x-App-Id: 8c5dd928-2c6b-4104-a000-283f8b366cf2"&#xD;
================================&#xD;
========= HTTP response =========&#xD;
Response status code: OK&#xD;
Response headers:&#xD;
  Date: Fri, 28 Feb 2025 10:34:05 GMT&#xD;
  Server: Kestrel&#xD;
  Cache-Control: no-store, must-revalidate, no-cache&#xD;
  Pragma: no-cache&#xD;
  Cross-Origin-Embedder-Policy: unsafe-none&#xD;
  Cross-Origin-Opener-Policy: same-origin&#xD;
  Cross-Origin-Resource-Policy: cross-origin&#xD;
  permissions-policy: geolocation=(), midi=(), sync-xhr=(), microphone=(), camera=(), magnetometer=(), gyroscope=(), fullscreen=(), payment=()&#xD;
  Referrer-Policy: no-referrer&#xD;
  X-Content-Type-Options: nosniff&#xD;
  X-Frame-Options: DENY&#xD;
  X-Permitted-Cross-Domain-Policies: none&#xD;
  X-XSS-Protection: 1; mode=block&#xD;
  X-UA-Compatible: IE=Edge&#xD;
  Strict-Transport-Security: max-age=31536000&#xD;
  X-Correlation-ID: 784a6926-fa8d-4f67-9517-66b099b21e91&#xD;
Response body:&#xD;
[&#xD;
  {&#xD;
    "id": "a0caea9e-11dd-4ba5-ad0b-7f87327c2c48",&#xD;
    "xAppId": "a63f237a-429f-4667-80bc-cd624b2f6d20",&#xD;
    "traId": 987917961,&#xD;
    "name": "A Publisher / Tra",&#xD;
    "prefix": "AB",&#xD;
    "userGroup": "tra"&#xD;
  },&#xD;
  {&#xD;
    "id": "6d6f5af4-9fbe-4b2c-9b9e-ab541ca6e602",&#xD;
    "xAppId": "8c5dd928-2c6b-4104-a000-283f8b366cf2",&#xD;
    "traId": 929920068,&#xD;
    "name": "All Permissions",&#xD;
    "prefix": "AB",&#xD;
    "userGroup": "all"&#xD;
  }&#xD;
]&#xD;
=================================&#xD;
========= cURL request =========&#xD;
curl -k -X DELETE "https://localhost:5001/dtroUsers/redundant" -H "x-App-Id: 8c5dd928-2c6b-4104-a000-283f8b366cf2" -H "Content-Type: application/json" -d "{\"ids\":[\"a0caea9e-11dd-4ba5-ad0b-7f87327c2c48\",\"6d6f5af4-9fbe-4b2c-9b9e-ab541ca6e602\"]}"&#xD;
================================&#xD;
========= HTTP response =========&#xD;
Response status code: OK&#xD;
Response headers:&#xD;
  Date: Fri, 28 Feb 2025 10:34:06 GMT&#xD;
  Server: Kestrel&#xD;
  Cache-Control: no-store, must-revalidate, no-cache&#xD;
  Pragma: no-cache&#xD;
  Cross-Origin-Embedder-Policy: unsafe-none&#xD;
  Cross-Origin-Opener-Policy: same-origin&#xD;
  Cross-Origin-Resource-Policy: cross-origin&#xD;
  permissions-policy: geolocation=(), midi=(), sync-xhr=(), microphone=(), camera=(), magnetometer=(), gyroscope=(), fullscreen=(), payment=()&#xD;
  Referrer-Policy: no-referrer&#xD;
  X-Content-Type-Options: nosniff&#xD;
  X-Frame-Options: DENY&#xD;
  X-Permitted-Cross-Domain-Policies: none&#xD;
  X-XSS-Protection: 1; mode=block&#xD;
  X-UA-Compatible: IE=Edge&#xD;
  Strict-Transport-Security: max-age=31536000&#xD;
  X-Correlation-ID: c6a47b8f-b0ee-44c2-a401-bf1fdba1fafc&#xD;
Response body:&#xD;
true&#xD;
=================================&#xD;
RuleTemplate table truncated successfully!&#xD;
========= cURL request =========&#xD;
curl -k -X GET "https://localhost:5001/schemas/versions" -H "x-App-Id: 8c5dd928-2c6b-4104-a000-283f8b366cf2"&#xD;
================================&#xD;
========= HTTP response =========&#xD;
Response status code: OK&#xD;
Response headers:&#xD;
  Date: Fri, 28 Feb 2025 10:34:06 GMT&#xD;
  Server: Kestrel&#xD;
  Cache-Control: no-store, must-revalidate, no-cache&#xD;
  Pragma: no-cache&#xD;
  Cross-Origin-Embedder-Policy: unsafe-none&#xD;
  Cross-Origin-Opener-Policy: same-origin&#xD;
  Cross-Origin-Resource-Policy: cross-origin&#xD;
  permissions-policy: geolocation=(), midi=(), sync-xhr=(), microphone=(), camera=(), magnetometer=(), gyroscope=(), fullscreen=(), payment=()&#xD;
  Referrer-Policy: no-referrer&#xD;
  X-Content-Type-Options: nosniff&#xD;
  X-Frame-Options: DENY&#xD;
  X-Permitted-Cross-Domain-Policies: none&#xD;
  X-XSS-Protection: 1; mode=block&#xD;
  X-UA-Compatible: IE=Edge&#xD;
  Strict-Transport-Security: max-age=31536000&#xD;
  X-Correlation-ID: 3ab98061-701a-487e-a1b6-0c86264da316&#xD;
Response body:&#xD;
[&#xD;
  {&#xD;
    "schemaVersion": "3.3.1",&#xD;
    "isActive": true,&#xD;
    "rulesExist": false&#xD;
  }&#xD;
]&#xD;
=================================&#xD;
========= cURL request =========&#xD;
curl -k -X PATCH "https://localhost:5001/schemas/deactivate/3.3.1" -H "x-App-Id: 8c5dd928-2c6b-4104-a000-283f8b366cf2"&#xD;
================================&#xD;
========= HTTP response =========&#xD;
Response status code: OK&#xD;
Response headers:&#xD;
  Date: Fri, 28 Feb 2025 10:34:06 GMT&#xD;
  Server: Kestrel&#xD;
  Cache-Control: no-store, must-revalidate, no-cache&#xD;
  Pragma: no-cache&#xD;
  Cross-Origin-Embedder-Policy: unsafe-none&#xD;
  Cross-Origin-Opener-Policy: same-origin&#xD;
  Cross-Origin-Resource-Policy: cross-origin&#xD;
  permissions-policy: geolocation=(), midi=(), sync-xhr=(), microphone=(), camera=(), magnetometer=(), gyroscope=(), fullscreen=(), payment=()&#xD;
  Referrer-Policy: no-referrer&#xD;
  X-Content-Type-Options: nosniff&#xD;
  X-Frame-Options: DENY&#xD;
  X-Permitted-Cross-Domain-Policies: none&#xD;
  X-XSS-Protection: 1; mode=block&#xD;
  X-UA-Compatible: IE=Edge&#xD;
  Strict-Transport-Security: max-age=31536000&#xD;
  X-Correlation-ID: a77a2b15-0187-4948-8020-a66834b749d1&#xD;
Response body:&#xD;
{&#xD;
  "id": "b6a0bd8d-edc0-457b-bdc3-96808048449c"&#xD;
}&#xD;
=================================&#xD;
========= cURL request =========&#xD;
curl -k -X DELETE "https://localhost:5001/schemas/3.3.1" -H "x-App-Id: 8c5dd928-2c6b-4104-a000-283f8b366cf2"&#xD;
================================&#xD;
========= HTTP response =========&#xD;
Response status code: OK&#xD;
Response headers:&#xD;
  Date: Fri, 28 Feb 2025 10:34:07 GMT&#xD;
  Server: Kestrel&#xD;
  Cache-Control: no-store, must-revalidate, no-cache&#xD;
  Pragma: no-cache&#xD;
  Cross-Origin-Embedder-Policy: unsafe-none&#xD;
  Cross-Origin-Opener-Policy: same-origin&#xD;
  Cross-Origin-Resource-Policy: cross-origin&#xD;
  permissions-policy: geolocation=(), midi=(), sync-xhr=(), microphone=(), camera=(), magnetometer=(), gyroscope=(), fullscreen=(), payment=()&#xD;
  Referrer-Policy: no-referrer&#xD;
  X-Content-Type-Options: nosniff&#xD;
  X-Frame-Options: DENY&#xD;
  X-Permitted-Cross-Domain-Policies: none&#xD;
  X-XSS-Protection: 1; mode=block&#xD;
  X-UA-Compatible: IE=Edge&#xD;
  Strict-Transport-Security: max-age=31536000&#xD;
  X-Correlation-ID: f6279a06-0d25-4b05-81d9-c5cf7d308863&#xD;
Response body:&#xD;
true&#xD;
=================================&#xD;
Dtros table truncated successfully!&#xD;
========= cURL request =========&#xD;
curl -k -X POST "https://localhost:5001/rules/createFromFile/3.3.1" -H "x-App-Id: 8c5dd928-2c6b-4104-a000-283f8b366cf2" -H "Content-Type: multipart/form-data" --form 'file=@"C:\Users\BELGP3\OneDrive - PA Consulting Group\Documents\Work\Code\PA\Clients\DfT\dft-dtro-beta/examples/Rules/rules-3.3.1.json"'&#xD;
================================&#xD;
========= HTTP response =========&#xD;
Response status code: Created&#xD;
Response headers:&#xD;
  Date: Fri, 28 Feb 2025 10:34:07 GMT&#xD;
  Server: Kestrel&#xD;
  Cache-Control: no-store, must-revalidate, no-cache&#xD;
  Location: https://localhost:5001/rules/createFromFile/3.3.1?id=69597797-03a9-40fc-96ea-8d8ccd9b64ab&#xD;
  Pragma: no-cache&#xD;
  Cross-Origin-Embedder-Policy: unsafe-none&#xD;
  Cross-Origin-Opener-Policy: same-origin&#xD;
  Cross-Origin-Resource-Policy: cross-origin&#xD;
  permissions-policy: geolocation=(), midi=(), sync-xhr=(), microphone=(), camera=(), magnetometer=(), gyroscope=(), fullscreen=(), payment=()&#xD;
  Referrer-Policy: no-referrer&#xD;
  X-Content-Type-Options: nosniff&#xD;
  X-Frame-Options: DENY&#xD;
  X-Permitted-Cross-Domain-Policies: none&#xD;
  X-XSS-Protection: 1; mode=block&#xD;
  X-UA-Compatible: IE=Edge&#xD;
  Strict-Transport-Security: max-age=31536000&#xD;
  X-Correlation-ID: 669b1d84-739d-4de0-bad6-047be9a60f77&#xD;
Response body:&#xD;
{&#xD;
  "id": "69597797-03a9-40fc-96ea-8d8ccd9b64ab"&#xD;
}&#xD;
=================================&#xD;
========= cURL request =========&#xD;
curl -k -X POST "https://localhost:5001/schemas/createFromFile/3.3.1" -H "x-App-Id: 8c5dd928-2c6b-4104-a000-283f8b366cf2" -H "Content-Type: multipart/form-data" --form 'file=@"C:\Users\BELGP3\OneDrive - PA Consulting Group\Documents\Work\Code\PA\Clients\DfT\dft-dtro-beta/examples/Schemas/schemas-3.3.1.json"'&#xD;
================================&#xD;
========= HTTP response =========&#xD;
Response status code: Created&#xD;
Response headers:&#xD;
  Date: Fri, 28 Feb 2025 10:34:07 GMT&#xD;
  Server: Kestrel&#xD;
  Cache-Control: no-store, must-revalidate, no-cache&#xD;
  Location: https://localhost:5001/schemas/createFromFile/3.3.1?id=574f595b-a4c3-4cbe-acd8-b81f82d37958&#xD;
  Pragma: no-cache&#xD;
  Cross-Origin-Embedder-Policy: unsafe-none&#xD;
  Cross-Origin-Opener-Policy: same-origin&#xD;
  Cross-Origin-Resource-Policy: cross-origin&#xD;
  permissions-policy: geolocation=(), midi=(), sync-xhr=(), microphone=(), camera=(), magnetometer=(), gyroscope=(), fullscreen=(), payment=()&#xD;
  Referrer-Policy: no-referrer&#xD;
  X-Content-Type-Options: nosniff&#xD;
  X-Frame-Options: DENY&#xD;
  X-Permitted-Cross-Domain-Policies: none&#xD;
  X-XSS-Protection: 1; mode=block&#xD;
  X-UA-Compatible: IE=Edge&#xD;
  Strict-Transport-Security: max-age=31536000&#xD;
  X-Correlation-ID: 1b43fd6e-7661-4e5f-8acd-bc645aefba4d&#xD;
Response body:&#xD;
{&#xD;
  "id": "574f595b-a4c3-4cbe-acd8-b81f82d37958"&#xD;
}&#xD;
=================================&#xD;
========= cURL request =========&#xD;
curl -k -X PATCH "https://localhost:5001/schemas/activate/3.3.1" -H "x-App-Id: 8c5dd928-2c6b-4104-a000-283f8b366cf2"&#xD;
================================&#xD;
========= HTTP response =========&#xD;
Response status code: OK&#xD;
Response headers:&#xD;
  Date: Fri, 28 Feb 2025 10:34:07 GMT&#xD;
  Server: Kestrel&#xD;
  Cache-Control: no-store, must-revalidate, no-cache&#xD;
  Pragma: no-cache&#xD;
  Cross-Origin-Embedder-Policy: unsafe-none&#xD;
  Cross-Origin-Opener-Policy: same-origin&#xD;
  Cross-Origin-Resource-Policy: cross-origin&#xD;
  permissions-policy: geolocation=(), midi=(), sync-xhr=(), microphone=(), camera=(), magnetometer=(), gyroscope=(), fullscreen=(), payment=()&#xD;
  Referrer-Policy: no-referrer&#xD;
  X-Content-Type-Options: nosniff&#xD;
  X-Frame-Options: DENY&#xD;
  X-Permitted-Cross-Domain-Policies: none&#xD;
  X-XSS-Protection: 1; mode=block&#xD;
  X-UA-Compatible: IE=Edge&#xD;
  Strict-Transport-Security: max-age=31536000&#xD;
  X-Correlation-ID: 3e18702f-0623-43bf-a1ed-f912540169d9&#xD;
Response body:&#xD;
{&#xD;
  "id": "574f595b-a4c3-4cbe-acd8-b81f82d37958"&#xD;
}&#xD;
=================================&#xD;
Do before each test...&#xD;
========= cURL request =========&#xD;
curl -k -X GET "https://localhost:5001/dtroUsers" -H "x-App-Id: 8c5dd928-2c6b-4104-a000-283f8b366cf2"&#xD;
================================&#xD;
========= HTTP response =========&#xD;
Response status code: OK&#xD;
Response headers:&#xD;
  Date: Fri, 28 Feb 2025 10:34:07 GMT&#xD;
  Server: Kestrel&#xD;
  Cache-Control: no-store, must-revalidate, no-cache&#xD;
  Pragma: no-cache&#xD;
  Cross-Origin-Embedder-Policy: unsafe-none&#xD;
  Cross-Origin-Opener-Policy: same-origin&#xD;
  Cross-Origin-Resource-Policy: cross-origin&#xD;
  permissions-policy: geolocation=(), midi=(), sync-xhr=(), microphone=(), camera=(), magnetometer=(), gyroscope=(), fullscreen=(), payment=()&#xD;
  Referrer-Policy: no-referrer&#xD;
  X-Content-Type-Options: nosniff&#xD;
  X-Frame-Options: DENY&#xD;
  X-Permitted-Cross-Domain-Policies: none&#xD;
  X-XSS-Protection: 1; mode=block&#xD;
  X-UA-Compatible: IE=Edge&#xD;
  Strict-Transport-Security: max-age=31536000&#xD;
  X-Correlation-ID: c6e13983-9ea2-4817-92c4-97cc2633e260&#xD;
Response body:&#xD;
[]&#xD;
=================================&#xD;
Dtros table truncated successfully!&#xD;
Testing with file JSON-3.3.1-example-TTRO-WeightRestriction.json...&#xD;
App ID: e10dea50-118a-4b9f-be80-7fd8866fac36&#xD;
TRA ID: 983090648&#xD;
Group ID: 1&#xD;
========= cURL request =========&#xD;
curl -k -X POST "https://localhost:5001/dtroUsers/createFromBody" -H "x-App-Id: 3ae362db-fdc1-4d7d-be33-a50fa2d66e57" -H "Content-Type: application/json" -d "{\r    \"id\": \"26fc4211-fa5b-442b-9978-fda7b1109a3c\",\r    \"traId\": 983090648,\r    \"name\": \"A publisher / TRA\",\r    \"prefix\": \"AB\",\r    \"userGroup\": 1,\r    \"xAppId\": \"3ae362db-fdc1-4d7d-be33-a50fa2d66e57\"\r}"&#xD;
================================&#xD;
========= HTTP response =========&#xD;
Response status code: Created&#xD;
Response headers:&#xD;
  Date: Fri, 28 Feb 2025 10:34:07 GMT&#xD;
  Server: Kestrel&#xD;
  Cache-Control: no-store, must-revalidate, no-cache&#xD;
  Location: https://localhost:5001/dtroUsers/createFromBody?id=33b34eda-2b9c-489a-9879-b5186160c241&#xD;
  Pragma: no-cache&#xD;
  Cross-Origin-Embedder-Policy: unsafe-none&#xD;
  Cross-Origin-Opener-Policy: same-origin&#xD;
  Cross-Origin-Resource-Policy: cross-origin&#xD;
  permissions-policy: geolocation=(), midi=(), sync-xhr=(), microphone=(), camera=(), magnetometer=(), gyroscope=(), fullscreen=(), payment=()&#xD;
  Referrer-Policy: no-referrer&#xD;
  X-Content-Type-Options: nosniff&#xD;
  X-Frame-Options: DENY&#xD;
  X-Permitted-Cross-Domain-Policies: none&#xD;
  X-XSS-Protection: 1; mode=block&#xD;
  X-UA-Compatible: IE=Edge&#xD;
  Strict-Transport-Security: max-age=31536000&#xD;
  X-Correlation-ID: df13fc83-b7c9-441c-b84b-78dbac5e4485&#xD;
Response body:&#xD;
{&#xD;
  "id": "33b34eda-2b9c-489a-9879-b5186160c241"&#xD;
}&#xD;
=================================&#xD;
========= cURL request =========&#xD;
curl -k -X POST "https://localhost:5001/dtros/createFromBody" -H "x-App-Id: 3ae362db-fdc1-4d7d-be33-a50fa2d66e57" -H "Content-Type: application/json" -d "{\r  \"schemaVersion\": \"3.3.1\",\r  \"data\": {\r    \"Source\": {\r      \"actionType\": \"new\",\r      \"currentTraOwner\": 983090648,\r      \"Provision\": [\r        {\r          \"actionType\": \"new\",\r          \"orderReportingPoint\": \"ttroTtmoNoticeOfIntention\",\r          \"provisionDescription\": \"Temporary weight restriction Netherclay Bridge (2 tonnes)\",\r          \"reference\": \"b1618e6f-f65c-48c7-9cc7-45da9f45fbda\",\r          \"RegulatedPlace\": [\r            {\r              \"description\": \"Netherclay Bridge, Bishops Hull, Taunton\",\r              \"type\": \"regulationLocation\",\r              \"LinearGeometry\": {\r                \"direction\": \"bidirectional\",\r                \"ExternalReference\": [\r                  {\r                    \"lastUpdateDate\": \"2024-08-01T00:00:00\",\r                    \"UniqueStreetReferenceNumber\": [\r                      {\r                        \"usrn\": 39605836\r                      }\r                    ]\r                  }\r                ],\r                \"lateralPosition\": \"centreline\",\r                \"linestring\": \"SRID=27700;LINESTRING(320620 124993, 320621 124997, 320625 125007)\",\r                \"representation\": \"representingZone\",\r                \"version\": 1\r              }\r            }\r          ],\r          \"Regulation\": [\r            {\r              \"ConditionSet\": [\r                {\r                  \"operator\": \"and\",\r                  \"conditions\": [\r                    {\r                      \"negate\": false,\r                      \"TimeValidity\": {\r                        \"start\": \"2024-08-01T08:00:00\",\r                        \"end\": \"2024-11-29T18:00:00\"\r                      }\r                    },\r                    {\r                      \"negate\": false,\r                      \"VehicleCharacteristics\": {\r                        \"MaximumGrossWeightCharacteristic\": {\r                          \"grossVehicleWeight\": 2,\r                          \"typeOfWeight\": \"maximumPermitted\"\r                        }\r                      }\r                    }\r                  ]\r                }\r              ],\r              \"GeneralRegulation\": {\r                \"regulationType\": \"dimensionMaximumWeightStructural\"\r              },\r              \"isDynamic\": false,\r              \"TemporaryRegulation\": {\r                \"TemporaryOverriddenProvision\": {\r                  \"actionType\": \"new\",\r                  \"orderReportingPoint\": \"permanentNoticeOfMaking\",\r                  \"provisionDescription\": \"3 Tonnes Structural Weight Limit, Netherclay Bridge\",\r                  \"reference\": \"DA3C3631-7710-4EA5-B654-62CD316D487A\"\r                }\r              },\r              \"timeZone\": \"Europe/London\"\r            }\r          ]\r        }\r      ],\r      \"reference\": \"c962b51f-e1aa-416e-8f0b-aefe39a4c099\",\r      \"section\": \"All sections\",\r      \"traAffected\": [\r        983090648\r      ],\r      \"traCreator\": 983090648,\r      \"troName\": \"DfT Example - TTRO weight restriction v2, Jan. 2025\"\r    }\r  }\r}"&#xD;
================================&#xD;
========= HTTP response =========&#xD;
Response status code: Created&#xD;
Response headers:&#xD;
  Date: Fri, 28 Feb 2025 10:34:08 GMT&#xD;
  Server: Kestrel&#xD;
  Cache-Control: no-store, must-revalidate, no-cache&#xD;
  Location: https://localhost:5001/dtros/5d81fa9e-210a-4630-b0dc-544944aa1916&#xD;
  Pragma: no-cache&#xD;
  Cross-Origin-Embedder-Policy: unsafe-none&#xD;
  Cross-Origin-Opener-Policy: same-origin&#xD;
  Cross-Origin-Resource-Policy: cross-origin&#xD;
  permissions-policy: geolocation=(), midi=(), sync-xhr=(), microphone=(), camera=(), magnetometer=(), gyroscope=(), fullscreen=(), payment=()&#xD;
  Referrer-Policy: no-referrer&#xD;
  X-Content-Type-Options: nosniff&#xD;
  X-Frame-Options: DENY&#xD;
  X-Permitted-Cross-Domain-Policies: none&#xD;
  X-XSS-Protection: 1; mode=block&#xD;
  X-UA-Compatible: IE=Edge&#xD;
  Strict-Transport-Security: max-age=31536000&#xD;
  X-Correlation-ID: a85fafea-55eb-449d-a5d1-b4c064a13aff&#xD;
Response body:&#xD;
{&#xD;
  "id": "5d81fa9e-210a-4630-b0dc-544944aa1916"&#xD;
}&#xD;
=================================&#xD;
========= cURL request =========&#xD;
curl -k -X GET "https://localhost:5001/dtros/5d81fa9e-210a-4630-b0dc-544944aa1916" -H "x-App-Id: 3ae362db-fdc1-4d7d-be33-a50fa2d66e57"&#xD;
================================&#xD;
========= HTTP response =========&#xD;
Response status code: OK&#xD;
Response headers:&#xD;
  Date: Fri, 28 Feb 2025 10:34:08 GMT&#xD;
  Server: Kestrel&#xD;
  Cache-Control: no-store, must-revalidate, no-cache&#xD;
  Pragma: no-cache&#xD;
  Cross-Origin-Embedder-Policy: unsafe-none&#xD;
  Cross-Origin-Opener-Policy: same-origin&#xD;
  Cross-Origin-Resource-Policy: cross-origin&#xD;
  permissions-policy: geolocation=(), midi=(), sync-xhr=(), microphone=(), camera=(), magnetometer=(), gyroscope=(), fullscreen=(), payment=()&#xD;
  Referrer-Policy: no-referrer&#xD;
  X-Content-Type-Options: nosniff&#xD;
  X-Frame-Options: DENY&#xD;
  X-Permitted-Cross-Domain-Policies: none&#xD;
  X-XSS-Protection: 1; mode=block&#xD;
  X-UA-Compatible: IE=Edge&#xD;
  Strict-Transport-Security: max-age=31536000&#xD;
  X-Correlation-ID: 1dc2ab44-564f-440d-b8de-3f2497ad9649&#xD;
Response body:&#xD;
{&#xD;
  "id": "5d81fa9e-210a-4630-b0dc-544944aa1916",&#xD;
  "schemaVersion": "3.3.1",&#xD;
  "data": {&#xD;
    "source": {&#xD;
      "section": "All sections",&#xD;
      "troName": "DfT Example - TTRO weight restriction v2, Jan. 2025",&#xD;
      "provision": [&#xD;
        {&#xD;
          "reference": "b1618e6f-f65c-48c7-9cc7-45da9f45fbda",&#xD;
          "regulation": [&#xD;
            {&#xD;
              "timeZone": "Europe/London",&#xD;
              "isDynamic": false,&#xD;
              "conditionSet": [&#xD;
                {&#xD;
                  "operator": "and",&#xD;
                  "conditions": [&#xD;
                    {&#xD;
                      "negate": false,&#xD;
                      "timeValidity": {&#xD;
                        "end": "2024-11-29T18:00:00",&#xD;
                        "start": "2024-08-01T08:00:00"&#xD;
                      }&#xD;
                    },&#xD;
                    {&#xD;
                      "negate": false,&#xD;
                      "vehicleCharacteristics": {&#xD;
                        "maximumGrossWeightCharacteristic": {&#xD;
                          "typeOfWeight": "maximumPermitted",&#xD;
                          "grossVehicleWeight": 2&#xD;
                        }&#xD;
                      }&#xD;
                    }&#xD;
                  ]&#xD;
                }&#xD;
              ],&#xD;
              "generalRegulation": {&#xD;
                "regulationType": "dimensionMaximumWeightStructural"&#xD;
              },&#xD;
              "temporaryRegulation": {&#xD;
                "temporaryOverriddenProvision": {&#xD;
                  "reference": "DA3C3631-7710-4EA5-B654-62CD316D487A",&#xD;
                  "actionType": "new",&#xD;
                  "orderReportingPoint": "permanentNoticeOfMaking",&#xD;
                  "provisionDescription": "3 Tonnes Structural Weight Limit, Netherclay Bridge"&#xD;
                }&#xD;
              }&#xD;
            }&#xD;
          ],&#xD;
          "actionType": "new",&#xD;
          "regulatedPlace": [&#xD;
            {&#xD;
              "type": "regulationLocation",&#xD;
              "description": "Netherclay Bridge, Bishops Hull, Taunton",&#xD;
              "linearGeometry": {&#xD;
                "version": 1,&#xD;
                "direction": "bidirectional",&#xD;
                "linestring": "SRID=27700;LINESTRING(320620 124993, 320621 124997, 320625 125007)",&#xD;
                "representation": "representingZone",&#xD;
                "lateralPosition": "centreline",&#xD;
                "externalReference": [&#xD;
                  {&#xD;
                    "lastUpdateDate": "2024-08-01T00:00:00",&#xD;
                    "uniqueStreetReferenceNumber": [&#xD;
                      {&#xD;
                        "usrn": 39605836&#xD;
                      }&#xD;
                    ]&#xD;
                  }&#xD;
                ]&#xD;
              }&#xD;
            }&#xD;
          ],&#xD;
          "orderReportingPoint": "ttroTtmoNoticeOfIntention",&#xD;
          "provisionDescription": "Temporary weight restriction Netherclay Bridge (2 tonnes)"&#xD;
        }&#xD;
      ],&#xD;
      "reference": "c962b51f-e1aa-416e-8f0b-aefe39a4c099",&#xD;
      "actionType": "new",&#xD;
      "traCreator": 983090648,&#xD;
      "traAffected": [&#xD;
        983090648&#xD;
      ],&#xD;
      "currentTraOwner": 983090648&#xD;
    }&#xD;
  }&#xD;
}&#xD;
=================================&#xD;
Comparing JSON...&#xD;
{&#xD;
  "data": {&#xD;
    "source": {&#xD;
      "actiontype": "new",&#xD;
      "currenttraowner": 983090648,&#xD;
      "provision": [&#xD;
        {&#xD;
          "actiontype": "new",&#xD;
          "orderreportingpoint": "ttrottmonoticeofintention",&#xD;
          "provisiondescription": "temporary weight restriction netherclay bridge (2 tonnes)",&#xD;
          "reference": "b1618e6f-f65c-48c7-9cc7-45da9f45fbda",&#xD;
          "regulatedplace": [&#xD;
            {&#xD;
              "description": "netherclay bridge, bishops hull, taunton",&#xD;
              "lineargeometry": {&#xD;
                "direction": "bidirectional",&#xD;
                "externalreference": [&#xD;
                  {&#xD;
                    "lastupdatedate": "2024-08-01t00:00:00",&#xD;
                    "uniquestreetreferencenumber": [&#xD;
                      {&#xD;
                        "usrn": 39605836&#xD;
                      }&#xD;
                    ]&#xD;
                  }&#xD;
                ],&#xD;
                "lateralposition": "centreline",&#xD;
                "linestring": "srid=27700;linestring(320620 124993, 320621 124997, 320625 125007)",&#xD;
                "representation": "representingzone",&#xD;
                "version": 1&#xD;
              },&#xD;
              "type": "regulationlocation"&#xD;
            }&#xD;
          ],&#xD;
          "regulation": [&#xD;
            {&#xD;
              "conditionset": [&#xD;
                {&#xD;
                  "conditions": [&#xD;
                    {&#xD;
                      "negate": false,&#xD;
                      "timevalidity": {&#xD;
                        "end": "2024-11-29t18:00:00",&#xD;
                        "start": "2024-08-01t08:00:00"&#xD;
                      }&#xD;
                    },&#xD;
                    {&#xD;
                      "negate": false,&#xD;
                      "vehiclecharacteristics": {&#xD;
                        "maximumgrossweightcharacteristic": {&#xD;
                          "grossvehicleweight": 2,&#xD;
                          "typeofweight": "maximumpermitted"&#xD;
                        }&#xD;
                      }&#xD;
                    }&#xD;
                  ],&#xD;
                  "operator": "and"&#xD;
                }&#xD;
              ],&#xD;
              "generalregulation": {&#xD;
                "regulationtype": "dimensionmaximumweightstructural"&#xD;
              },&#xD;
              "isdynamic": false,&#xD;
              "temporaryregulation": {&#xD;
                "temporaryoverriddenprovision": {&#xD;
                  "actiontype": "new",&#xD;
                  "orderreportingpoint": "permanentnoticeofmaking",&#xD;
                  "provisiondescription": "3 tonnes structural weight limit, netherclay bridge",&#xD;
                  "reference": "da3c3631-7710-4ea5-b654-62cd316d487a"&#xD;
                }&#xD;
              },&#xD;
              "timezone": "europe/london"&#xD;
            }&#xD;
          ]&#xD;
        }&#xD;
      ],&#xD;
      "reference": "c962b51f-e1aa-416e-8f0b-aefe39a4c099",&#xD;
      "section": "all sections",&#xD;
      "traaffected": [&#xD;
        983090648&#xD;
      ],&#xD;
      "tracreator": 983090648,&#xD;
      "troname": "dft example - ttro weight restriction v2, jan. 2025"&#xD;
    }&#xD;
  },&#xD;
  "id": "5d81fa9e-210a-4630-b0dc-544944aa1916",&#xD;
  "schemaversion": "3.3.1"&#xD;
}&#xD;
JSONs match!&#xD;
Global async teardown after each test...&#xD;
Do before each test...&#xD;
========= cURL request =========&#xD;
curl -k -X GET "https://localhost:5001/dtroUsers" -H "x-App-Id: 8c5dd928-2c6b-4104-a000-283f8b366cf2"&#xD;
================================&#xD;
========= HTTP response =========&#xD;
Response status code: OK&#xD;
Response headers:&#xD;
  Date: Fri, 28 Feb 2025 10:34:08 GMT&#xD;
  Server: Kestrel&#xD;
  Cache-Control: no-store, must-revalidate, no-cache&#xD;
  Pragma: no-cache&#xD;
  Cross-Origin-Embedder-Policy: unsafe-none&#xD;
  Cross-Origin-Opener-Policy: same-origin&#xD;
  Cross-Origin-Resource-Policy: cross-origin&#xD;
  permissions-policy: geolocation=(), midi=(), sync-xhr=(), microphone=(), camera=(), magnetometer=(), gyroscope=(), fullscreen=(), payment=()&#xD;
  Referrer-Policy: no-referrer&#xD;
  X-Content-Type-Options: nosniff&#xD;
  X-Frame-Options: DENY&#xD;
  X-Permitted-Cross-Domain-Policies: none&#xD;
  X-XSS-Protection: 1; mode=block&#xD;
  X-UA-Compatible: IE=Edge&#xD;
  Strict-Transport-Security: max-age=31536000&#xD;
  X-Correlation-ID: 3dbc2bab-1a54-44ec-997b-e35b98938661&#xD;
Response body:&#xD;
[&#xD;
  {&#xD;
    "id": "33b34eda-2b9c-489a-9879-b5186160c241",&#xD;
    "xAppId": "3ae362db-fdc1-4d7d-be33-a50fa2d66e57",&#xD;
    "traId": 983090648,&#xD;
    "name": "A Publisher / Tra",&#xD;
    "prefix": "AB",&#xD;
    "userGroup": "tra"&#xD;
  }&#xD;
]&#xD;
=================================&#xD;
========= cURL request =========&#xD;
curl -k -X DELETE "https://localhost:5001/dtroUsers/redundant" -H "x-App-Id: 8c5dd928-2c6b-4104-a000-283f8b366cf2" -H "Content-Type: application/json" -d "{\"ids\":[\"33b34eda-2b9c-489a-9879-b5186160c241\"]}"&#xD;
================================&#xD;
========= HTTP response =========&#xD;
Response status code: OK&#xD;
Response headers:&#xD;
  Date: Fri, 28 Feb 2025 10:34:08 GMT&#xD;
  Server: Kestrel&#xD;
  Cache-Control: no-store, must-revalidate, no-cache&#xD;
  Pragma: no-cache&#xD;
  Cross-Origin-Embedder-Policy: unsafe-none&#xD;
  Cross-Origin-Opener-Policy: same-origin&#xD;
  Cross-Origin-Resource-Policy: cross-origin&#xD;
  permissions-policy: geolocation=(), midi=(), sync-xhr=(), microphone=(), camera=(), magnetometer=(), gyroscope=(), fullscreen=(), payment=()&#xD;
  Referrer-Policy: no-referrer&#xD;
  X-Content-Type-Options: nosniff&#xD;
  X-Frame-Options: DENY&#xD;
  X-Permitted-Cross-Domain-Policies: none&#xD;
  X-XSS-Protection: 1; mode=block&#xD;
  X-UA-Compatible: IE=Edge&#xD;
  Strict-Transport-Security: max-age=31536000&#xD;
  X-Correlation-ID: 08790d24-6549-4637-ab6f-7e1aafe78659&#xD;
Response body:&#xD;
true&#xD;
=================================&#xD;
Dtros table truncated successfully!&#xD;
Testing with file JSON-3.3.1-example-TTRO-HeightRestrictionwithConditions.json...&#xD;
App ID: 7933ef57-11b8-4389-91df-4338d1ba1028&#xD;
TRA ID: 995018663&#xD;
Group ID: 1&#xD;
========= cURL request =========&#xD;
curl -k -X POST "https://localhost:5001/dtroUsers/createFromBody" -H "x-App-Id: 25a856e0-6409-46a6-bae8-dc92dc0d19fd" -H "Content-Type: application/json" -d "{\r    \"id\": \"26fc4211-fa5b-442b-9978-fda7b1109a3c\",\r    \"traId\": 995018663,\r    \"name\": \"A publisher / TRA\",\r    \"prefix\": \"AB\",\r    \"userGroup\": 1,\r    \"xAppId\": \"25a856e0-6409-46a6-bae8-dc92dc0d19fd\"\r}"&#xD;
================================&#xD;
========= HTTP response =========&#xD;
Response status code: Created&#xD;
Response headers:&#xD;
  Date: Fri, 28 Feb 2025 10:34:08 GMT&#xD;
  Server: Kestrel&#xD;
  Cache-Control: no-store, must-revalidate, no-cache&#xD;
  Location: https://localhost:5001/dtroUsers/createFromBody?id=aedc663b-b833-4bbd-b83e-475dfb5eee44&#xD;
  Pragma: no-cache&#xD;
  Cross-Origin-Embedder-Policy: unsafe-none&#xD;
  Cross-Origin-Opener-Policy: same-origin&#xD;
  Cross-Origin-Resource-Policy: cross-origin&#xD;
  permissions-policy: geolocation=(), midi=(), sync-xhr=(), microphone=(), camera=(), magnetometer=(), gyroscope=(), fullscreen=(), payment=()&#xD;
  Referrer-Policy: no-referrer&#xD;
  X-Content-Type-Options: nosniff&#xD;
  X-Frame-Options: DENY&#xD;
  X-Permitted-Cross-Domain-Policies: none&#xD;
  X-XSS-Protection: 1; mode=block&#xD;
  X-UA-Compatible: IE=Edge&#xD;
  Strict-Transport-Security: max-age=31536000&#xD;
  X-Correlation-ID: b24e8741-d61a-4c1e-a86a-10cd5b970108&#xD;
Response body:&#xD;
{&#xD;
  "id": "aedc663b-b833-4bbd-b83e-475dfb5eee44"&#xD;
}&#xD;
=================================&#xD;
========= cURL request =========&#xD;
curl -k -X POST "https://localhost:5001/dtros/createFromBody" -H "x-App-Id: 25a856e0-6409-46a6-bae8-dc92dc0d19fd" -H "Content-Type: application/json" -d "{\r  \"schemaVersion\": \"3.3.1\",\r  \"data\": {\r    \"Source\": {\r      \"actionType\": \"new\",\r      \"currentTraOwner\": 995018663,\r      \"Provision\": [\r        {\r          \"actionType\": \"new\",\r          \"orderReportingPoint\": \"ttroTtmoNoticeOfIntention\",\r          \"provisionDescription\": \"Temporary height restriction (2.5m)\",\r          \"reference\": \"c962b51f-e1aa-416e-8f0b-aefe39a4c099\",\r          \"RegulatedPlace\": [\r            {\r              \"description\": \"East Reach - Taunton\",\r              \"type\": \"regulationLocation\",\r              \"PointGeometry\": {\r                \"ExternalReference\": [\r                  {\r                    \"lastUpdateDate\": \"2024-08-01T00:00:00\",\r                    \"UniqueStreetReferenceNumber\": [\r                      {\r                        \"usrn\": 39608173\r                      }\r                    ]\r                  }\r                ],\r                \"point\": \"SRID=27700;POINT(323544 124622)\",\r                \"representation\": \"centreLinePoint\",\r                \"version\": 1\r              }\r            }\r          ],\r          \"Regulation\": [\r            {\r              \"ConditionSet\": [\r                {\r                  \"operator\": \"and\",\r                  \"conditions\": [\r                    {\r                      \"negate\": false,\r                      \"TimeValidity\": {\r                        \"start\": \"2024-08-22T08:00:00\",\r                        \"end\": \"2024-08-22T20:00:00\"\r                      }\r                    },\r                    {\r                      \"negate\": false,\r                      \"VehicleCharacteristics\": {\r                        \"MaximumHeightCharacteristic\": {\r                          \"vehicleHeight\": 2.5\r                        }\r                      }\r                    }\r                  ]\r                }\r              ],\r              \"GeneralRegulation\": {\r                \"regulationType\": \"dimensionMaximumHeightWithTRO\"\r              },\r              \"isDynamic\": false,\r              \"timeZone\": \"Europe/London\"\r            }\r          ]\r        }\r      ],\r      \"reference\": \"c962b51f-e1aa-416e-8f0b-aefe39a4c099\",\r      \"section\": \"All sections\",\r      \"traAffected\": [\r        995018663\r      ],\r      \"traCreator\": 995018663,\r      \"troName\": \"DfT Example - TTRO height restriction with multiple conditions v2, Nov. 2024\"\r    }\r  }\r}"&#xD;
================================&#xD;
========= HTTP response =========&#xD;
Response status code: Created&#xD;
Response headers:&#xD;
  Date: Fri, 28 Feb 2025 10:34:08 GMT&#xD;
  Server: Kestrel&#xD;
  Cache-Control: no-store, must-revalidate, no-cache&#xD;
  Location: https://localhost:5001/dtros/22fd3f4e-b239-479a-9d10-23d41bd380a9&#xD;
  Pragma: no-cache&#xD;
  Cross-Origin-Embedder-Policy: unsafe-none&#xD;
  Cross-Origin-Opener-Policy: same-origin&#xD;
  Cross-Origin-Resource-Policy: cross-origin&#xD;
  permissions-policy: geolocation=(), midi=(), sync-xhr=(), microphone=(), camera=(), magnetometer=(), gyroscope=(), fullscreen=(), payment=()&#xD;
  Referrer-Policy: no-referrer&#xD;
  X-Content-Type-Options: nosniff&#xD;
  X-Frame-Options: DENY&#xD;
  X-Permitted-Cross-Domain-Policies: none&#xD;
  X-XSS-Protection: 1; mode=block&#xD;
  X-UA-Compatible: IE=Edge&#xD;
  Strict-Transport-Security: max-age=31536000&#xD;
  X-Correlation-ID: 65d1c176-ecb4-4b03-87d0-274e315517ca&#xD;
Response body:&#xD;
{&#xD;
  "id": "22fd3f4e-b239-479a-9d10-23d41bd380a9"&#xD;
}&#xD;
=================================&#xD;
========= cURL request =========&#xD;
curl -k -X GET "https://localhost:5001/dtros/22fd3f4e-b239-479a-9d10-23d41bd380a9" -H "x-App-Id: 25a856e0-6409-46a6-bae8-dc92dc0d19fd"&#xD;
================================&#xD;
========= HTTP response =========&#xD;
Response status code: OK&#xD;
Response headers:&#xD;
  Date: Fri, 28 Feb 2025 10:34:08 GMT&#xD;
  Server: Kestrel&#xD;
  Cache-Control: no-store, must-revalidate, no-cache&#xD;
  Pragma: no-cache&#xD;
  Cross-Origin-Embedder-Policy: unsafe-none&#xD;
  Cross-Origin-Opener-Policy: same-origin&#xD;
  Cross-Origin-Resource-Policy: cross-origin&#xD;
  permissions-policy: geolocation=(), midi=(), sync-xhr=(), microphone=(), camera=(), magnetometer=(), gyroscope=(), fullscreen=(), payment=()&#xD;
  Referrer-Policy: no-referrer&#xD;
  X-Content-Type-Options: nosniff&#xD;
  X-Frame-Options: DENY&#xD;
  X-Permitted-Cross-Domain-Policies: none&#xD;
  X-XSS-Protection: 1; mode=block&#xD;
  X-UA-Compatible: IE=Edge&#xD;
  Strict-Transport-Security: max-age=31536000&#xD;
  X-Correlation-ID: 423a9f58-9789-4026-adbb-888de40158f9&#xD;
Response body:&#xD;
{&#xD;
  "id": "22fd3f4e-b239-479a-9d10-23d41bd380a9",&#xD;
  "schemaVersion": "3.3.1",&#xD;
  "data": {&#xD;
    "source": {&#xD;
      "section": "All sections",&#xD;
      "troName": "DfT Example - TTRO height restriction with multiple conditions v2, Nov. 2024",&#xD;
      "provision": [&#xD;
        {&#xD;
          "reference": "c962b51f-e1aa-416e-8f0b-aefe39a4c099",&#xD;
          "regulation": [&#xD;
            {&#xD;
              "timeZone": "Europe/London",&#xD;
              "isDynamic": false,&#xD;
              "conditionSet": [&#xD;
                {&#xD;
                  "operator": "and",&#xD;
                  "conditions": [&#xD;
                    {&#xD;
                      "negate": false,&#xD;
                      "timeValidity": {&#xD;
                        "end": "2024-08-22T20:00:00",&#xD;
                        "start": "2024-08-22T08:00:00"&#xD;
                      }&#xD;
                    },&#xD;
                    {&#xD;
                      "negate": false,&#xD;
                      "vehicleCharacteristics": {&#xD;
                        "maximumHeightCharacteristic": {&#xD;
                          "vehicleHeight": 2.5&#xD;
                        }&#xD;
                      }&#xD;
                    }&#xD;
                  ]&#xD;
                }&#xD;
              ],&#xD;
              "generalRegulation": {&#xD;
                "regulationType": "dimensionMaximumHeightWithTRO"&#xD;
              }&#xD;
            }&#xD;
          ],&#xD;
          "actionType": "new",&#xD;
          "regulatedPlace": [&#xD;
            {&#xD;
              "type": "regulationLocation",&#xD;
              "description": "East Reach - Taunton",&#xD;
              "pointGeometry": {&#xD;
                "point": "SRID=27700;POINT(323544 124622)",&#xD;
                "version": 1,&#xD;
                "representation": "centreLinePoint",&#xD;
                "externalReference": [&#xD;
                  {&#xD;
                    "lastUpdateDate": "2024-08-01T00:00:00",&#xD;
                    "uniqueStreetReferenceNumber": [&#xD;
                      {&#xD;
                        "usrn": 39608173&#xD;
                      }&#xD;
                    ]&#xD;
                  }&#xD;
                ]&#xD;
              }&#xD;
            }&#xD;
          ],&#xD;
          "orderReportingPoint": "ttroTtmoNoticeOfIntention",&#xD;
          "provisionDescription": "Temporary height restriction (2.5m)"&#xD;
        }&#xD;
      ],&#xD;
      "reference": "c962b51f-e1aa-416e-8f0b-aefe39a4c099",&#xD;
      "actionType": "new",&#xD;
      "traCreator": 995018663,&#xD;
      "traAffected": [&#xD;
        995018663&#xD;
      ],&#xD;
      "currentTraOwner": 995018663&#xD;
    }&#xD;
  }&#xD;
}&#xD;
=================================&#xD;
Comparing JSON...&#xD;
{&#xD;
  "data": {&#xD;
    "source": {&#xD;
      "actiontype": "new",&#xD;
      "currenttraowner": 995018663,&#xD;
      "provision": [&#xD;
        {&#xD;
          "actiontype": "new",&#xD;
          "orderreportingpoint": "ttrottmonoticeofintention",&#xD;
          "provisiondescription": "temporary height restriction (2.5m)",&#xD;
          "reference": "c962b51f-e1aa-416e-8f0b-aefe39a4c099",&#xD;
          "regulatedplace": [&#xD;
            {&#xD;
              "description": "east reach - taunton",&#xD;
              "pointgeometry": {&#xD;
                "externalreference": [&#xD;
                  {&#xD;
                    "lastupdatedate": "2024-08-01t00:00:00",&#xD;
                    "uniquestreetreferencenumber": [&#xD;
                      {&#xD;
                        "usrn": 39608173&#xD;
                      }&#xD;
                    ]&#xD;
                  }&#xD;
                ],&#xD;
                "point": "srid=27700;point(323544 124622)",&#xD;
                "representation": "centrelinepoint",&#xD;
                "version": 1&#xD;
              },&#xD;
              "type": "regulationlocation"&#xD;
            }&#xD;
          ],&#xD;
          "regulation": [&#xD;
            {&#xD;
              "conditionset": [&#xD;
                {&#xD;
                  "conditions": [&#xD;
                    {&#xD;
                      "negate": false,&#xD;
                      "timevalidity": {&#xD;
                        "end": "2024-08-22t20:00:00",&#xD;
                        "start": "2024-08-22t08:00:00"&#xD;
                      }&#xD;
                    },&#xD;
                    {&#xD;
                      "negate": false,&#xD;
                      "vehiclecharacteristics": {&#xD;
                        "maximumheightcharacteristic": {&#xD;
                          "vehicleheight": 2.5&#xD;
                        }&#xD;
                      }&#xD;
                    }&#xD;
                  ],&#xD;
                  "operator": "and"&#xD;
                }&#xD;
              ],&#xD;
              "generalregulation": {&#xD;
                "regulationtype": "dimensionmaximumheightwithtro"&#xD;
              },&#xD;
              "isdynamic": false,&#xD;
              "timezone": "europe/london"&#xD;
            }&#xD;
          ]&#xD;
        }&#xD;
      ],&#xD;
      "reference": "c962b51f-e1aa-416e-8f0b-aefe39a4c099",&#xD;
      "section": "all sections",&#xD;
      "traaffected": [&#xD;
        995018663&#xD;
      ],&#xD;
      "tracreator": 995018663,&#xD;
      "troname": "dft example - ttro height restriction with multiple conditions v2, nov. 2024"&#xD;
    }&#xD;
  },&#xD;
  "id": "22fd3f4e-b239-479a-9d10-23d41bd380a9",&#xD;
  "schemaversion": "3.3.1"&#xD;
}&#xD;
JSONs match!&#xD;
Global async teardown after each test...&#xD;
Do before each test...&#xD;
========= cURL request =========&#xD;
curl -k -X GET "https://localhost:5001/dtroUsers" -H "x-App-Id: 8c5dd928-2c6b-4104-a000-283f8b366cf2"&#xD;
================================&#xD;
========= HTTP response =========&#xD;
Response status code: OK&#xD;
Response headers:&#xD;
  Date: Fri, 28 Feb 2025 10:34:08 GMT&#xD;
  Server: Kestrel&#xD;
  Cache-Control: no-store, must-revalidate, no-cache&#xD;
  Pragma: no-cache&#xD;
  Cross-Origin-Embedder-Policy: unsafe-none&#xD;
  Cross-Origin-Opener-Policy: same-origin&#xD;
  Cross-Origin-Resource-Policy: cross-origin&#xD;
  permissions-policy: geolocation=(), midi=(), sync-xhr=(), microphone=(), camera=(), magnetometer=(), gyroscope=(), fullscreen=(), payment=()&#xD;
  Referrer-Policy: no-referrer&#xD;
  X-Content-Type-Options: nosniff&#xD;
  X-Frame-Options: DENY&#xD;
  X-Permitted-Cross-Domain-Policies: none&#xD;
  X-XSS-Protection: 1; mode=block&#xD;
  X-UA-Compatible: IE=Edge&#xD;
  Strict-Transport-Security: max-age=31536000&#xD;
  X-Correlation-ID: 8da4785e-ee24-4831-a676-84bc31af062b&#xD;
Response body:&#xD;
[&#xD;
  {&#xD;
    "id": "aedc663b-b833-4bbd-b83e-475dfb5eee44",&#xD;
    "xAppId": "25a856e0-6409-46a6-bae8-dc92dc0d19fd",&#xD;
    "traId": 995018663,&#xD;
    "name": "A Publisher / Tra",&#xD;
    "prefix": "AB",&#xD;
    "userGroup": "tra"&#xD;
  }&#xD;
]&#xD;
=================================&#xD;
========= cURL request =========&#xD;
curl -k -X DELETE "https://localhost:5001/dtroUsers/redundant" -H "x-App-Id: 8c5dd928-2c6b-4104-a000-283f8b366cf2" -H "Content-Type: application/json" -d "{\"ids\":[\"aedc663b-b833-4bbd-b83e-475dfb5eee44\"]}"&#xD;
================================&#xD;
========= HTTP response =========&#xD;
Response status code: OK&#xD;
Response headers:&#xD;
  Date: Fri, 28 Feb 2025 10:34:09 GMT&#xD;
  Server: Kestrel&#xD;
  Cache-Control: no-store, must-revalidate, no-cache&#xD;
  Pragma: no-cache&#xD;
  Cross-Origin-Embedder-Policy: unsafe-none&#xD;
  Cross-Origin-Opener-Policy: same-origin&#xD;
  Cross-Origin-Resource-Policy: cross-origin&#xD;
  permissions-policy: geolocation=(), midi=(), sync-xhr=(), microphone=(), camera=(), magnetometer=(), gyroscope=(), fullscreen=(), payment=()&#xD;
  Referrer-Policy: no-referrer&#xD;
  X-Content-Type-Options: nosniff&#xD;
  X-Frame-Options: DENY&#xD;
  X-Permitted-Cross-Domain-Policies: none&#xD;
  X-XSS-Protection: 1; mode=block&#xD;
  X-UA-Compatible: IE=Edge&#xD;
  Strict-Transport-Security: max-age=31536000&#xD;
  X-Correlation-ID: ac5b1ae6-0e7f-4ed0-bc78-446331a8c31e&#xD;
Response body:&#xD;
true&#xD;
=================================&#xD;
Dtros table truncated successfully!&#xD;
Testing with file JSON-3.3.1-example-TTRO-RatesExample.json...&#xD;
App ID: bcc0bd7d-d980-4e07-b04e-fc5cfc27bc3d&#xD;
[...]
              "condition": [&#xD;
                {&#xD;
                  "negate": false,&#xD;
                  "timeValidity": {&#xD;
                    "start": "2024-09-22T08:00:00",&#xD;
                    "validPeriod": [&#xD;
                      {&#xD;
                        "recurringTimePeriodOfDay": [&#xD;
                          {&#xD;
                            "endTimeOfPeriod": "18:00:00",&#xD;
                            "startTimeOfPeriod": "08:00:00"&#xD;
                          }&#xD;
                        ],&#xD;
                        "recurringDayWeekMonthPeriod": [&#xD;
                          {&#xD;
                            "applicableDay": [&#xD;
                              "monday",&#xD;
                              "tuesday",&#xD;
                              "wednesday",&#xD;
                              "thursday",&#xD;
                              "friday"&#xD;
                            ]&#xD;
                          }&#xD;
                        ]&#xD;
                      }&#xD;
                    ],&#xD;
                    "exceptionPeriod": [&#xD;
                      {&#xD;
                        "recurringSpecialDay": [&#xD;
                          {&#xD;
                            "specialDayType": "publicHoliday",&#xD;
                            "intersectWithApplicableDays": true&#xD;
                          }&#xD;
                        ]&#xD;
                      }&#xD;
                    ]&#xD;
                  }&#xD;
                }&#xD;
              ],&#xD;
              "rateTable": {&#xD;
                "type": "hourly",&#xD;
                "_comment": "trial rates table, with increments \u00A31 first hour, \u00A32 cumulative for first two hours, \u00A37.20 thereafter, between 9am and 8pm",&#xD;
                "rateLineCollection": [&#xD;
                  {&#xD;
                    "maxTime": 660,&#xD;
                    "minTime": 60,&#xD;
                    "rateLine": [&#xD;
                      {&#xD;
                        "type": "flatRateTier",&#xD;
                        "value": 1,&#xD;
                        "maxValue": 7.2,&#xD;
                        "minValue": 1,&#xD;
                        "sequence": 1,&#xD;
                        "durationEnd": 59,&#xD;
                        "durationStart": 1,&#xD;
                        "usageCondition": "fixedDuration",&#xD;
                        "incrementPeriod": 58&#xD;
                      },&#xD;
                      {&#xD;
                        "type": "flatRateTier",&#xD;
                        "value": 1,&#xD;
                        "maxValue": 7.2,&#xD;
                        "minValue": 2,&#xD;
                        "sequence": 2,&#xD;
                        "durationEnd": 119,&#xD;
                        "durationStart": 60,&#xD;
                        "usageCondition": "fixedDuration",&#xD;
                        "incrementPeriod": 59&#xD;
                      },&#xD;
                      {&#xD;
                        "type": "flatRateTier",&#xD;
                        "value": 5.2,&#xD;
                        "maxValue": 7.2,&#xD;
                        "minValue": 2,&#xD;
                        "sequence": 3,&#xD;
                        "durationEnd": 660,&#xD;
                        "durationStart": 120,&#xD;
                        "usageCondition": "fixedDuration",&#xD;
                        "incrementPeriod": 540&#xD;
                      }&#xD;
                    ],&#xD;
                    "sequence": 1,&#xD;
                    "resetTime": "18:00:00",&#xD;
                    "applicableCurrency": "GBP",&#xD;
                    "maxValueCollection": 7.2,&#xD;
                    "minValueCollection": 1.0,&#xD;
                    "startValidUsagePeriod": "2024-12-10T08:00:00"&#xD;
                  }&#xD;
                ],&#xD;
                "additionalInformation": "http://www.somewhere.something.gov.uk"&#xD;
              },&#xD;
              "isDynamic": false,&#xD;
              "generalRegulation": {&#xD;
                "regulationType": "kerbsidePaymentParkingPlace"&#xD;
              }&#xD;
            }&#xD;
          ],&#xD;
          "actionType": "new",&#xD;
          "regulatedPlace": [&#xD;
            {&#xD;
              "type": "regulationLocation",&#xD;
              "description": "East Reach, Taunton, southside / westbound, between 15 metres west from the junction with Victoria Street to 23 metres east of the junction with Haydon Road {approximate - linear}",&#xD;
              "linearGeometry": {&#xD;
                "version": 1,&#xD;
                "direction": "startToEnd",&#xD;
                "linestring": "SRID=27700;LINESTRING(323549 124618,323478 124594,323381 124569)",&#xD;
                "representation": "linear",&#xD;
                "lateralPosition": "onKerb",&#xD;
                "externalReference": [&#xD;
                  {&#xD;
                    "lastUpdateDate": "2024-10-01T00:00:00",&#xD;
                    "uniqueStreetReferenceNumber": [&#xD;
                      {&#xD;
                        "usrn": 39608173,&#xD;
                        "nsgStreetName": "East Reach",&#xD;
                        "nsgStreetNumber": "A38"&#xD;
                      }&#xD;
                    ]&#xD;
                  }&#xD;
                ]&#xD;
              }&#xD;
            }&#xD;
          ],&#xD;
          "orderReportingPoint": "permanentNoticeOfMaking",&#xD;
          "provisionDescription": "Parking restrictions, East Reach, southside / westbound, Pay \u0026 Display Parking Places - Monday to Friday 8.00 am to 6.00 pm"&#xD;
        }&#xD;
      ],&#xD;
      "reference": "abc",&#xD;
      "actionType": "new",&#xD;
      "traCreator": 964375998,&#xD;
      "traAffected": [&#xD;
        964375998&#xD;
      ],&#xD;
      "currentTraOwner": 964375998&#xD;
    }&#xD;
  }&#xD;
}&#xD;
=================================&#xD;
Comparing JSON...&#xD;
{&#xD;
  "data": {&#xD;
    "source": {&#xD;
      "_comment": "dft example d-tro, multiple provisions, multiple conditions, temporaryregulation, offlistregulation, permits, rates",&#xD;
      "actiontype": "new",&#xD;
      "currenttraowner": 964375998,&#xD;
      "provision": [&#xD;
        {&#xD;
          "_comment": "provision 1: permanent tro - parking controls, with day - time restrictions, rate table",&#xD;
          "actiontype": "new",&#xD;
          "orderreportingpoint": "permanentnoticeofmaking",&#xD;
          "provisiondescription": "parking restrictions, east reach, pay &amp; display parking places - monday to sunday 9.00 am to 8.00 pm",&#xD;
          "reference": "c962b51f-e1aa-416e-8f0b-aefe39a4c099",&#xD;
          "regulatedplace": [&#xD;
            {&#xD;
              "description": "east reach, taunton, northside / eastbound, between 10 metres east from the junction with tancred street to 15 metres west of the junction with south street {approximate - linear}",&#xD;
              "directedlinear": {&#xD;
                "directedlinestring": "srid=27700;linestring(323158 124529,323252 124546)",&#xD;
                "externalreference": [&#xD;
                  {&#xD;
                    "lastupdatedate": "2024-10-01t00:00:00",&#xD;
                    "uniquestreetreferencenumber": [&#xD;
                      {&#xD;
                        "usrn": 39608173&#xD;
                      }&#xD;
                    ]&#xD;
                  }&#xD;
                ],&#xD;
                "version": 1&#xD;
              },&#xD;
              "type": "regulationlocation"&#xD;
            }&#xD;
          ],&#xD;
          "regulation": [&#xD;
            {&#xD;
              "conditionset": [&#xD;
                {&#xD;
                  "condition": [&#xD;
                    {&#xD;
                      "negate": false,&#xD;
                      "timevalidity": {&#xD;
                        "exceptionperiod": [&#xD;
                          {&#xD;
                            "recurringspecialday": [&#xD;
                              {&#xD;
                                "intersectwithapplicabledays": true,&#xD;
                                "specialdaytype": "publicholiday"&#xD;
                              }&#xD;
                            ]&#xD;
                          }&#xD;
                        ],&#xD;
                        "start": "2024-09-22t08:00:00",&#xD;
                        "validperiod": [&#xD;
                          {&#xD;
                            "recurringdayweekmonthperiod": [&#xD;
                              {&#xD;
                                "applicableday": [&#xD;
                                  "monday",&#xD;
                                  "tuesday",&#xD;
                                  "wednesday",&#xD;
                                  "thursday",&#xD;
                                  "friday",&#xD;
                                  "saturday",&#xD;
                                  "sunday"&#xD;
                                ]&#xD;
                              }&#xD;
                            ],&#xD;
                            "recurringtimeperiodofday": [&#xD;
                              {&#xD;
                                "endtimeofperiod": "20:00:00",&#xD;
                                "starttimeofperiod": "09:00:00"&#xD;
                              }&#xD;
                            ]&#xD;
                          }&#xD;
                        ]&#xD;
                      }&#xD;
                    }&#xD;
                  ],&#xD;
                  "conditionset": [&#xD;
                    {&#xD;
                      "conditions": [&#xD;
                        {&#xD;
                          "negate": false,&#xD;
                          "vehiclecharacteristics": {&#xD;
                            "vehicletype": "car"&#xD;
                          }&#xD;
                        },&#xD;
                        {&#xD;
                          "negate": true,&#xD;
                          "vehiclecharacteristics": {&#xD;
                            "vehicletype": "caravan"&#xD;
                          }&#xD;
                        },&#xD;
                        {&#xD;
                          "negate": true,&#xD;
                          "vehiclecharacteristics": {&#xD;
                            "vehicletype": "vehiclewithtrailer"&#xD;
                          }&#xD;
                        }&#xD;
                      ],&#xD;
                      "operator": "or"&#xD;
                    }&#xD;
                  ],&#xD;
                  "operator": "and"&#xD;
                }&#xD;
              ],&#xD;
              "generalregulation": {&#xD;
                "regulationtype": "kerbsidepaymentparkingplace"&#xD;
              },&#xD;
              "isdynamic": false,&#xD;
              "ratetable": {&#xD;
                "_comment": "trial rates table, with increments �1 first hour, �2 cumulative for first two hours, �7.20 thereafter, between 9am and 8pm",&#xD;
                "additionalinformation": "http://www.somewhere.something.gov.uk",&#xD;
                "ratelinecollection": [&#xD;
                  {&#xD;
                    "applicablecurrency": "gbp",&#xD;
                    "maxtime": 660,&#xD;
                    "maxvaluecollection": 7.2,&#xD;
                    "mintime": 60,&#xD;
                    "minvaluecollection": 1.0,&#xD;
                    "rateline": [&#xD;
                      {&#xD;
                        "durationend": 59,&#xD;
                        "durationstart": 1,&#xD;
                        "incrementperiod": 58,&#xD;
                        "maxvalue": 7.2,&#xD;
                        "minvalue": 1,&#xD;
                        "sequence": 1,&#xD;
                        "type": "flatratetier",&#xD;
                        "usagecondition": "fixedduration",&#xD;
                        "value": 1&#xD;
                      },&#xD;
                      {&#xD;
                        "durationend": 119,&#xD;
                        "durationstart": 60,&#xD;
                        "incrementperiod": 59,&#xD;
                        "maxvalue": 7.2,&#xD;
                        "minvalue": 2,&#xD;
                        "sequence": 2,&#xD;
                        "type": "flatratetier",&#xD;
                        "usagecondition": "fixedduration",&#xD;
                        "value": 1&#xD;
                      },&#xD;
                      {&#xD;
                        "durationend": 660,&#xD;
                        "durationstart": 120,&#xD;
                        "incrementperiod": 540,&#xD;
                        "maxvalue": 7.2,&#xD;
                        "minvalue": 2,&#xD;
                        "sequence": 3,&#xD;
                        "type": "flatratetier",&#xD;
                        "usagecondition": "fixedduration",&#xD;
                        "value": 5.2&#xD;
                      }&#xD;
                    ],&#xD;
                    "resettime": "20:00:00",&#xD;
                    "sequence": 1,&#xD;
                    "startvalidusageperiod": "2024-12-10t09:00:00"&#xD;
                  }&#xD;
                ],&#xD;
                "type": "hourly"&#xD;
              },&#xD;
              "timezone": "europe/london"&#xD;
            }&#xD;
          ]&#xD;
        },&#xD;
        {&#xD;
          "_comment": "provision 2: permanent tro - parking controls, with day - time restrictions, rate table",&#xD;
          "actiontype": "new",&#xD;
          "orderreportingpoint": "permanentnoticeofmaking",&#xD;
          "provisiondescription": "parking restrictions, east reach, southside / westbound, pay &amp; display parking places - monday to friday 8.00 am to 6.00 pm",&#xD;
          "reference": "c962b51f-e1aa-416e-8f0b-aefe39a4c098",&#xD;
          "regulatedplace": [&#xD;
            {&#xD;
              "description": "east reach, taunton, southside / westbound, between 15 metres west from the junction with victoria street to 23 metres east of the junction with haydon road {approximate - linear}",&#xD;
              "lineargeometry": {&#xD;
                "direction": "starttoend",&#xD;
                "externalreference": [&#xD;
                  {&#xD;
                    "lastupdatedate": "2024-10-01t00:00:00",&#xD;
                    "uniquestreetreferencenumber": [&#xD;
                      {&#xD;
                        "nsgstreetname": "east reach",&#xD;
                        "nsgstreetnumber": "a38",&#xD;
                        "usrn": 39608173&#xD;
                      }&#xD;
                    ]&#xD;
                  }&#xD;
                ],&#xD;
                "lateralposition": "onkerb",&#xD;
                "linestring": "srid=27700;linestring(323549 124618,323478 124594,323381 124569)",&#xD;
                "representation": "linear",&#xD;
                "version": 1&#xD;
              },&#xD;
              "type": "regulationlocation"&#xD;
            }&#xD;
          ],&#xD;
          "regulation": [&#xD;
            {&#xD;
              "condition": [&#xD;
                {&#xD;
                  "negate": false,&#xD;
                  "timevalidity": {&#xD;
                    "exceptionperiod": [&#xD;
                      {&#xD;
                        "recurringspecialday": [&#xD;
                          {&#xD;
                            "intersectwithapplicabledays": true,&#xD;
                            "specialdaytype": "publicholiday"&#xD;
                          }&#xD;
                        ]&#xD;
                      }&#xD;
                    ],&#xD;
                    "start": "2024-09-22t08:00:00",&#xD;
                    "validperiod": [&#xD;
                      {&#xD;
                        "recurringdayweekmonthperiod": [&#xD;
                          {&#xD;
                            "applicableday": [&#xD;
                              "monday",&#xD;
                              "tuesday",&#xD;
                              "wednesday",&#xD;
                              "thursday",&#xD;
                              "friday"&#xD;
                            ]&#xD;
                          }&#xD;
                        ],&#xD;
                        "recurringtimeperiodofday": [&#xD;
                          {&#xD;
                            "endtimeofperiod": "18:00:00",&#xD;
                            "starttimeofperiod": "08:00:00"&#xD;
                          }&#xD;
                        ]&#xD;
                      }&#xD;
                    ]&#xD;
                  }&#xD;
                }&#xD;
              ],&#xD;
              "generalregulation": {&#xD;
                "regulationtype": "kerbsidepaymentparkingplace"&#xD;
              },&#xD;
              "isdynamic": false,&#xD;
              "ratetable": {&#xD;
                "_comment": "trial rates table, with increments �1 first hour, �2 cumulative for first two hours, �7.20 thereafter, between 9am and 8pm",&#xD;
                "additionalinformation": "http://www.somewhere.something.gov.uk",&#xD;
                "ratelinecollection": [&#xD;
                  {&#xD;
                    "applicablecurrency": "gbp",&#xD;
                    "maxtime": 660,&#xD;
                    "maxvaluecollection": 7.2,&#xD;
                    "mintime": 60,&#xD;
                    "minvaluecollection": 1.0,&#xD;
                    "rateline": [&#xD;
                      {&#xD;
                        "durationend": 59,&#xD;
                        "durationstart": 1,&#xD;
                        "incrementperiod": 58,&#xD;
                        "maxvalue": 7.2,&#xD;
                        "minvalue": 1,&#xD;
                        "sequence": 1,&#xD;
                        "type": "flatratetier",&#xD;
                        "usagecondition": "fixedduration",&#xD;
                        "value": 1&#xD;
                      },&#xD;
                      {&#xD;
                        "durationend": 119,&#xD;
                        "durationstart": 60,&#xD;
                        "incrementperiod": 59,&#xD;
                        "maxvalue": 7.2,&#xD;
                        "minvalue": 2,&#xD;
                        "sequence": 2,&#xD;
                        "type": "flatratetier",&#xD;
                        "usagecondition": "fixedduration",&#xD;
                        "value": 1&#xD;
                      },&#xD;
                      {&#xD;
                        "durationend": 660,&#xD;
                        "durationstart": 120,&#xD;
                        "incrementperiod": 540,&#xD;
                        "maxvalue": 7.2,&#xD;
                        "minvalue": 2,&#xD;
                        "sequence": 3,&#xD;
                        "type": "flatratetier",&#xD;
                        "usagecondition": "fixedduration",&#xD;
                        "value": 5.2&#xD;
                      }&#xD;
                    ],&#xD;
                    "resettime": "18:00:00",&#xD;
                    "sequence": 1,&#xD;
                    "startvalidusageperiod": "2024-12-10t08:00:00"&#xD;
                  }&#xD;
                ],&#xD;
                "type": "hourly"&#xD;
              },&#xD;
              "timezone": "europe/london"&#xD;
            }&#xD;
          ]&#xD;
        }&#xD;
      ],&#xD;
      "reference": "abc",&#xD;
      "section": "all sections",&#xD;
      "traaffected": [&#xD;
        964375998&#xD;
      ],&#xD;
      "tracreator": 964375998,&#xD;
      "troname": "dft example - rates example v1, jan. 2025"&#xD;
    }&#xD;
  },&#xD;
  "id": "31b4ba6d-52d7-49b7-a827-8d043277a9c3",&#xD;
  "schemaversion": "3.3.1"&#xD;
}&#xD;
JSONs match!&#xD;
Global async teardown after each test...&#xD;
[xUnit.net 00:00:14.01]   Finished:    DfT.DTRO.IntegrationTests&#xD;
</StdOut>
    </Output>
  </ResultSummary>
</TestRun>